#x	y	res(1.25Hz)	phi(1.25Hz)	res(2.5Hz)	phi(2.5Hz)	res(5Hz)	phi(5Hz)	res(10Hz)	phi(10Hz)
0.020	0.013	6.596	-236.4	5.795	-130.7	5.919	-200.7	13.8	-741.6
0.069	0.013	6.796	-231.9	6.01	-139.3	6.079	-201.1	14.05	-559.6
0.134	0.013	7.242	-222.5	6.491	-157.7	6.432	-201.4	14.47	-187
0.217	0.013	8.027	-209.7	7.337	-188.3	7.05	-199.6	14.71	293.3
0.316	0.013	9.289	-199.6	8.645	-231.1	8.038	-187.7	13.55	504.4
0.410	0.013	10.4	-127.6	9.464	-293	8.353	-0.5352	5.717	-2579
0.490	0.013	7.534	-120.5	6.6	-271.8	5.735	88.55	5.065	-1226
0.570	0.013	21.83	-61.26	20.68	-231.1	15.52	3.765	17.49	-196
0.650	0.013	11.35	-101	8.422	-47.68	6.323	-57.4	8.408	-74.09
0.730	0.013	14.58	-87.01	12.82	-79.16	11.26	-336.5	6.872	-3136
0.810	0.013	10.63	-134.4	6.601	109.1	7.469	-307.8	4.987	-3228
0.890	0.013	9.348	-122.1	7.346	66.68	7.485	-436.4	3.956	-4219
0.970	0.013	7.268	-52.05	5.581	-113.1	5.588	-376.2	2.589	-3816
1.050	0.013	10	-129.8	8.683	-48.78	8.484	-381.5	3.401	-4587
1.130	0.013	18.68	-17.15	17.55	-61.21	17.18	-346.1	5.34	-4266
1.210	0.013	12.83	-44.14	10.28	-72.51	6.467	61.81	4.79	-2791
1.290	0.013	15.23	-77	13.43	39.54	15.06	-549.7	5.785	-2927
1.370	0.013	22.95	86.19	23.88	-102.4	20.71	-202.7	19.76	-2608
1.450	0.013	10.18	-62.37	9.23	-53.57	9.734	-441	15.63	-1044
1.530	0.013	9.685	21.9	11.23	-119.6	9.294	-359.6	14.91	-1240
1.610	0.013	11.42	-54.08	12.34	-104.4	13.18	-391	14.97	-2363
1.690	0.013	9.039	12.9	8.566	-114.5	8.664	-280.8	29.63	-948.1
1.770	0.013	7.552	-19.7	8.155	-111.6	7.436	-184.3	24.45	5.972
1.850	0.013	7.67	43.18	8.302	-148.5	7.882	-399.1	17.72	-238.3
1.930	0.013	14.51	-34.33	16.73	-157.1	14.97	-226.8	52.76	1008
2.010	0.013	5.117	67.86	4.511	-53.14	4.194	-327.2	12.02	238.3
2.090	0.013	7.426	58.33	8.976	-130.1	7.675	-181.9	21.62	-22.18
2.170	0.013	8.083	8.563	7.756	-44.44	6.708	-321.3	11.6	-481.7
2.250	0.013	5.461	-29.1	4.541	28.17	4.121	-222.2	4.558	-606.8
2.340	0.013	11.94	-40.06	9.754	37.11	8.108	153.6	13.44	-2438
2.425	0.013	10.37	-26.91	8.691	26.3	6.978	199.9	8.34	-1889
2.480	0.013	9.627	-20.3	8.208	18.79	6.435	229.8	6.655	-1813
0.007	0.040	6.571	-236.9	5.769	-129.6	5.9	-200.6	13.77	-764
0.050	0.040	6.717	-233.7	5.925	-136	6.017	-201	13.96	-631.8
0.109	0.040	7.089	-225.8	6.326	-151.8	6.314	-201.4	14.35	-316.1
0.186	0.040	7.761	-214.3	7.05	-179.3	6.847	-200.3	14.68	124.2
0.280	0.040	8.792	-205.8	8.128	-227.9	7.675	-190	13.78	224.9
0.383	0.040	9.349	-161.9	8.468	-313	7.753	-46.45	7.075	-2578
0.463	0.040	9.831	-107.2	9.785	-147.3	8.463	57.23	7.643	1224
0.543	0.040	18.18	-280.7	12.08	-59.42	11.26	-338.5	8.929	-1163
0.623	0.040	11.05	-25.2	10.71	-119	9.281	162.8	8.054	-1577
0.703	0.040	16.84	3.201	12.39	29.81	12.39	-358	13.34	1042
0.783	0.040	12.61	-20.31	14.71	-483.8	11.86	-205.6	8.551	-3115
0.863	0.040	9.973	-77.77	8.851	-206.6	7.134	17.77	7.689	-177.8
0.943	0.040	10.13	-102.8	8.587	158.1	7.486	-258.5	4.619	-2545
1.023	0.040	11.31	112.2	9.852	-303.7	6.848	-5.731	10.53	-820.1
1.103	0.040	14.29	-249.4	9.954	91.85	8.344	-184.7	4.753	-1693
1.183	0.040	14.18	-124.5	11.26	63.66	18.01	-839.8	4.22	-1341
1.263	0.040	13.03	-3.386	13.88	-361.7	13.54	-612	22.36	1196
1.343	0.040	15.99	-121.1	14.5	378.9	18.16	-497.1	9.895	-2122
1.423	0.040	11.02	-177.1	10.78	-240	8.1	-18.54	2.53	-3315
1.503	0.040	12.48	-125.8	9.268	-13.28	12.62	-249	33.39	4649
1.583	0.040	10.5	113	11.29	-73.47	6.234	147.9	10.81	-780.6
1.663	0.040	11.29	-60.2	11.19	-72.56	9.375	-500.2	3.627	-1187
1.743	0.040	11.51	33.09	16.36	-122.6	9.078	-101	11.74	121.5
1.823	0.040	13.02	18.49	12.86	50.91	9.95	-52.68	41.14	1878
1.903	0.040	13.44	54.87	13.31	-163	11.88	-365.1	18.08	-1827
1.983	0.040	8.524	-193.6	9.722	-173.6	7.824	-15.22	6.856	2110
2.063	0.040	11.04	230.7	10.2	1.569	8.342	-366.8	6.487	-1269
2.143	0.040	9.757	-84.81	8.235	-111.1	6.645	-120.8	14.68	189.3
2.223	0.040	6.066	12.35	6.136	-117.1	4.999	-96.44	6.67	-1281
2.307	0.040	9.962	-49.8	8	57.03	7.048	24.7	11.58	-2527
2.402	0.040	10.56	-30.08	8.781	30.83	7.137	185.4	8.998	-1974
2.467	0.040	9.709	-21.17	8.259	19.81	6.498	225.7	6.836	-1822
0.033	0.040	6.62	-235.8	5.821	-131.8	5.938	-200.8	13.83	-719.7
0.088	0.040	6.873	-230.3	6.093	-142.7	6.141	-201.2	14.13	-495.1
0.159	0.040	7.385	-220.3	6.645	-163.9	6.548	-201.2	14.54	-100.4
0.247	0.040	8.239	-209	7.557	-200.2	7.229	-197.2	14.48	270.7
0.352	0.040	9.186	-199.9	8.463	-279.9	7.927	-151	10.94	-835.8
0.437	0.040	10.41	-110.6	9.816	-186.7	8.513	46.51	6.963	-549.1
0.517	0.040	12.38	-222	9.965	-174.7	8.946	-215.1	4.735	-1065
0.597	0.040	14.03	-37.16	10.58	18.21	9.12	236.8	19.55	700.9
0.677	0.040	14.89	61.97	17.2	-345.1	15.67	-484	7.001	-1213
0.757	0.040	14.93	-140.9	11.86	-302.9	9.75	80.16	14.76	-90.58
0.837	0.040	10.68	-118.6	11.67	-94.16	8.125	-164.4	12.04	-168.5
0.917	0.040	10.82	9.087	7.809	-75.07	7.145	-214.7	3.887	-2658
0.997	0.040	9.953	-124	7.652	77.11	7.235	-204.9	6.716	-2231
1.077	0.040	10.7	-182.4	7.804	52.09	8.008	-442.9	2.047	-1875
1.157	0.040	15.71	-81.13	11.57	-45.89	13.5	-591.6	10.28	281.4
1.237	0.040	11.9	-114.6	13.65	-107.3	21.78	-1044	8.872	-2262
1.317	0.040	14.01	35.42	13.35	152.3	9.225	352.8	4.526	-3613
1.397	0.040	15.23	-330.2	11.23	-137.9	11.57	-345.3	6.899	-1224
1.477	0.040	12.91	56.26	12.57	-78.7	9.807	42.55	13.86	2340
1.557	0.040	10.54	2.045	10.83	-74.87	8.019	-76.87	3.006	-4471
1.637	0.040	12.15	47.73	10.92	5.762	7.575	-386.8	17.4	-92.63
1.717	0.040	12.33	-72	18.68	-82.02	9.718	118.2	14.68	-52.53
1.797	0.040	13.12	157.4	12.44	-62.13	13.92	-364.3	24.88	-995.4
1.877	0.040	10.66	-101.4	11.08	-210.7	8.704	16.35	23.98	312.3
1.957	0.040	12.59	-61.85	10.2	-9.355	8.47	-194.2	3.157	-210.9
2.037	0.040	9.007	206.6	12.24	-140.5	9.424	-108.3	10.98	-1457
2.117	0.040	10.08	-156.4	6.33	9.482	5.84	-340.8	15.75	684.2
2.197	0.040	7.036	39.12	8.584	-224.5	6.484	30.43	10.75	-1105
2.277	0.040	6.7	-48.07	5.515	44.38	5.185	-224.5	7.764	-1981
2.373	0.040	11.11	-38.34	9.072	41.59	7.597	146.6	11.16	-2211
2.448	0.040	10.05	-24.44	8.477	23.75	6.756	210	7.604	-1859
2.493	0.040	9.538	-19.53	8.15	17.87	6.371	233.4	6.478	-1805
0.020	0.067	6.547	-237.5	5.743	-128.6	5.88	-200.6	13.74	-786.8
0.069	0.067	6.736	-233.4	5.945	-137	6.033	-201	13.99	-620.6
0.134	0.067	7.15	-225.2	6.391	-155.2	6.368	-201.4	14.41	-293.8
0.217	0.067	7.849	-215.4	7.14	-187	6.936	-199.3	14.63	60.22
0.316	0.067	8.69	-214.3	7.988	-258	7.649	-176.8	12.6	-581.9
0.410	0.067	9.161	-135.7	8.311	-226.7	7.516	7.157	7.497	-1765
0.490	0.067	11.28	-104.4	11.2	-44.71	9.927	-110.1	9.699	2846
0.570	0.067	13.47	-296.6	8.962	97.35	11.88	-485.2	25.28	1630
0.650	0.067	12.09	-305.5	15.3	-387.9	19.69	-398.7	11.69	-2169
0.730	0.067	15.62	-226.9	9.761	227.5	9.527	102	16.49	1780
0.810	0.067	11.67	-4.776	16.22	-177.3	13.97	-501.3	8.009	-2471
0.890	0.067	10.81	52.84	8.505	-192.2	11.45	106.6	5.751	-758.9
0.970	0.067	10.99	-145.2	11.37	187.2	13.23	-261	7.223	-2153
1.050	0.067	10.42	93.78	11.55	-394.7	9.072	-198.6	14.73	1250
1.130	0.067	12.84	37.05	13.01	-271.8	6.778	633.8	32.81	65.47
1.210	0.067	12.19	40.03	15.02	-133.4	22.62	-453.3	10.5	-3085
1.290	0.067	11.99	-62.31	11.44	-562.4	5.501	559.8	11.66	-125.8
1.370	0.067	13.12	-361.3	10.56	-166.4	11.47	-421.6	16.25	1076
1.450	0.067	11.63	146.2	14.82	-59.13	9.934	60.65	6.836	-4502
1.530	0.067	12.12	-345.5	7.739	5.296	13.37	-359.9	10.37	-4693
1.610	0.067	11.92	-36.57	10.8	-69.98	12.04	43.14	37.74	2422
1.690	0.067	14.05	-12.41	17.43	-79.03	19.94	-122.5	6.833	-505.4
1.770	0.067	15.53	-47.09	11.97	-196.9	13.04	-398.4	7.828	-1293
1.850	0.067	13.03	-291.7	14.28	-156.2	13.7	152.5	5.077	441.5
1.930	0.067	11.79	137.2	9.363	148.1	7.743	-200.3	2.139	-4260
2.010	0.067	10.17	-380	11.18	-65.4	9.491	-36.66	22.45	751.5
2.090	0.067	12.56	-229.2	7.467	111	9.404	-584.3	6.056	-567.3
2.170	0.067	8.223	17.24	10.97	-368	7.413	158.1	14.48	-1266
2.250	0.067	6.382	-19.94	5.978	-50.64	5.591	-273.7	9.396	-2453
2.340	0.067	10.21	-46.96	8.201	58.29	7.276	67.59	10.79	-2403
2.425	0.067	10.02	-26.09	8.416	26.01	6.777	199.2	7.688	-1891
2.480	0.067	9.44	-19.06	8.082	17	6.31	235.2	6.32	-1799
0.020	0.093	6.451	-239.6	5.641	-124.4	5.803	-200.3	13.61	-877.5
0.069	0.093	6.618	-236.4	5.819	-132.4	5.943	-200.9	13.86	-742
0.134	0.093	6.973	-230.5	6.197	-150.2	6.242	-201.4	14.29	-501.7
0.217	0.093	7.517	-225.2	6.775	-182.4	6.717	-198.7	14.49	-354.9
0.316	0.093	8.035	-226.6	7.28	-240.9	7.209	-175.2	12.82	-1127
0.410	0.093	8.155	-134.8	7.278	-160.2	6.796	-26.25	9.415	-1373
0.490	0.093	9.304	14.66	9.269	89.74	7.981	-86.18	17.9	4816
0.570	0.093	9.819	-167.1	8.401	62.69	10.73	-613.8	51.78	5182
0.650	0.093	9.681	-393.6	10.87	-330.2	13.26	-344.2	28.33	180.6
0.730	0.093	11.51	-170.4	8.546	332.4	8.31	36.96	4.989	-1915
0.810	0.093	9.98	-2.087	9.428	255.7	12.07	-649.1	3.238	-2764
0.890	0.093	9.501	23.8	7.563	5.152	11.87	75.52	8.696	739.2
0.970	0.093	9.006	-28.9	10.94	-197.6	12.25	-360.6	7.561	-1498
1.050	0.093	7.608	1.323	9.757	-430.6	10.07	-578.1	12.41	-77.77
1.130	0.093	8.433	109.1	10.27	-258.1	5.633	781.1	17.73	-1740
1.210	0.093	9.149	61.77	9.67	-89.29	8.684	117.3	10.59	-2435
1.290	0.093	8.876	-281	7.209	-456.9	4.345	208.5	6.255	-231.8
1.370	0.093	9.226	-138.2	9.11	-390.6	8.568	-123.5	27.73	2748
1.450	0.093	8.538	331.5	10.86	147.5	10.28	-301.3	25.6	-3416
1.530	0.093	9.438	-343.3	6.765	-79.54	10.37	-662.8	6.258	-5797
1.610	0.093	11.23	-230.6	11.5	-277.7	20.14	-257.1	10.09	1107
1.690	0.093	13.8	34.28	12.57	-53.9	18.03	-82.84	18.24	-1635
1.770	0.093	13.76	-295.9	7.19	-167	7.809	-327.7	12.02	-824.4
1.850	0.093	9.478	-314	12.06	-332.2	17.54	-307.9	1.09	-1468
1.930	0.093	7.302	245.3	7.506	23.42	7.155	-242.7	5.317	-3752
2.010	0.093	8.784	-380.4	6.769	33.93	6.723	-208.9	50.37	855.8
2.090	0.093	11.31	-239.2	9.706	23.66	12.2	-364	5.452	-1301
2.170	0.093	7.647	81.3	11.74	-390	8.401	9.068	16.25	-2080
2.250	0.093	6.577	-12.12	6.407	-61.62	6.841	-390.7	13.19	-2886
2.340	0.093	9.113	-47.16	7.412	51.77	7.051	-2.14	9.23	-2383
2.425	0.093	9.36	-25.04	7.91	23.62	6.435	191	6.634	-1875
2.480	0.093	9.064	-17.03	7.825	13.36	6.073	242.9	5.727	-1772
0.007	0.120	6.384	-241.1	5.57	-121.4	5.748	-200.1	13.51	-938.8
0.050	0.120	6.5	-239	5.692	-127.1	5.847	-200.6	13.71	-848.3
0.109	0.120	6.78	-234.6	5.99	-141.8	6.089	-201.3	14.11	-663.7
0.186	0.120	7.219	-230.6	6.455	-169.4	6.484	-200	14.43	-546.3
0.280	0.120	7.657	-232.7	6.89	-217.2	6.925	-184.6	13.49	-1098
0.383	0.120	7.728	-173.8	6.86	-176.6	6.695	-87.45	10.57	-1661
0.463	0.120	8.205	5.183	7.728	65.75	6.696	-43.12	15.42	2956
0.543	0.120	8.496	12.43	8.047	88.8	8.007	-405.4	41.38	6076
0.623	0.120	8.337	-212.6	8.783	-254.7	9.253	-383.2	35.74	2103
0.703	0.120	9.274	-138.5	8.183	68.84	7.278	-10.93	5.126	-2721
0.783	0.120	8.857	-1.559	7.228	360.7	8.709	-534.6	1.693	-4019
0.863	0.120	8.306	-46.54	6.238	130.6	8.524	-134.1	8.765	1142
0.943	0.120	7.665	-1.032	8.303	-228.3	8.425	-210.2	8.028	-684.3
1.023	0.120	6.319	-65.54	7.428	-430.4	8.248	-770	6.514	-1289
1.103	0.120	6.266	-29.74	6.798	-90.39	6.253	46.15	5.446	-2487
1.183	0.120	7.366	27.45	7.039	-32.07	5.771	164.7	6.248	-2057
1.263	0.120	7.466	-259.5	5.776	-93.31	4.87	-225.5	4.398	-491.9
1.343	0.120	7.576	-137.2	7.373	-388.9	6.978	-134.7	13.4	1923
1.423	0.120	6.982	333.9	8.658	78.27	9.302	-285.3	36.44	197.1
1.503	0.120	7.175	-79	6.398	-16.59	7.231	-644.8	5.667	-4073
1.583	0.120	9.21	-272.5	9.95	-340.9	13.02	-473.8	3.47	-857.7
1.663	0.120	11.82	14.61	11.83	-126.5	15.97	-174.2	13.38	-2017
1.743	0.120	11.83	-180.9	6.49	-19.17	6.108	-192.4	32.5	-1202
1.823	0.120	8.195	-324.3	8.588	-320	11.44	-454.2	2.57	-431.7
1.903	0.120	5.548	219.4	7.696	-217.1	9.229	-402	5.062	-2586
1.983	0.120	6.867	-70.26	5.71	-99.21	5.356	-210.5	64.39	1148
2.063	0.120	10.25	-169.4	9.384	18.03	10.36	-214.6	7.55	-573.2
2.143	0.120	8.002	78.5	11.71	-293.9	9.194	-67.21	12.71	-1619
2.223	0.120	6.549	22.11	7.149	-132.9	7.636	-416.4	16.35	-2584
2.307	0.120	8.066	-45.83	6.76	32.09	7.038	-140.8	9.448	-2496
2.402	0.120	8.968	-29.64	7.538	27.07	6.384	146.3	6.528	-1947
2.467	0.120	8.889	-17.6	7.683	12.82	6.001	236.4	5.557	-1771
0.033	0.120	6.422	-240.4	5.611	-123.3	5.781	-200.2	13.58	-908.4
0.088	0.120	6.619	-237	5.818	-133.3	5.949	-201	13.89	-765.1
0.159	0.120	6.981	-232.4	6.203	-153.8	6.267	-201.1	14.3	-584.4
0.247	0.120	7.452	-231.2	6.693	-191	6.711	-195.1	14.2	-706
0.352	0.120	7.731	-219.9	6.92	-221.3	6.935	-151.3	12.1	-1590
0.437	0.120	7.864	-89.12	7.072	-62.54	6.51	-34.5	11.44	1.554
0.517	0.120	8.439	57.89	8.238	123.9	7.248	-177.9	25.85	5562
0.597	0.120	8.393	-107.4	8.07	-66	8.81	-507.9	50.02	4755
0.677	0.120	8.737	-228.7	9.011	-218.8	8.463	-134.4	15.25	-733.4
0.757	0.120	9.353	-29.34	7.5	331.5	7.641	-230.2	1.781	-4459
0.837	0.120	8.567	-43.52	6.634	273	8.993	-480.1	4.171	-1010
0.917	0.120	8.064	0.1321	7.142	-60.34	8.451	7.392	9.966	744.2
0.997	0.120	6.982	-40.04	8.314	-422	8.228	-577.8	7.189	-1331
1.077	0.120	5.984	-79.05	6.76	-213.9	7.876	-542.3	5.364	-2010
1.157	0.120	6.838	42.88	7.019	-101	5.047	422.9	6.41	-2283
1.237	0.120	7.483	-119.5	6.214	61.68	5.838	-204.6	5.169	-1274
1.317	0.120	7.489	-270.1	6.307	-352.9	5.144	-126.4	5.341	339.1
1.397	0.120	7.383	136.8	8.393	-173.1	9.098	-188.5	36.47	2532
1.477	0.120	6.861	232.5	7.52	140.4	8.005	-494.1	14.81	-2965
1.557	0.120	8.116	-300.6	7.383	-244.3	8.799	-630.7	3.023	-3137
1.637	0.120	10.65	-120.6	12.21	-283.6	17.88	-307.4	6.018	-549.5
1.717	0.120	12.27	-8.266	8.649	10.99	9.003	-77.84	34.25	-2282
1.797	0.120	10.26	-344.4	6.768	-194	7.356	-382.8	9.67	-106.8
1.877	0.120	6.406	-49.45	9.508	-315.3	13.75	-476.2	1.789	-1939
1.957	0.120	5.641	195.7	5.716	-134.8	5.278	-242.9	28.63	-828.4
2.037	0.120	8.599	-227.3	7.052	-8.367	7.819	-244.8	26.55	676.1
2.117	0.120	9.968	-32.24	11.93	-132	10.78	-92.78	6.654	-1259
2.197	0.120	6.934	84.83	9.435	-275.8	8.229	-250.1	18.9	-2051
2.277	0.120	6.962	-28.97	6.351	-19.82	7.197	-356.5	12.2	-2657
2.373	0.120	8.774	-41.29	7.229	39.48	6.69	40.78	7.592	-2163
2.448	0.120	8.986	-21.68	7.682	17.65	6.153	209.3	5.884	-1819
2.493	0.120	8.838	-15.57	7.682	10.38	5.926	249.7	5.401	-1748
0.020	0.147	6.317	-242.5	5.5	-118.5	5.694	-199.8	13.41	-1001
0.069	0.147	6.459	-240.2	5.648	-125.8	5.818	-200.5	13.67	-899.6
0.134	0.147	6.746	-236.5	5.952	-142.2	6.076	-201.4	14.11	-746.4
0.217	0.147	7.145	-235.2	6.369	-172	6.462	-199.5	14.35	-774.1
0.316	0.147	7.434	-235.6	6.631	-210.6	6.784	-178	13.09	-1540
0.410	0.147	7.408	-145.9	6.539	-116.6	6.378	-84.04	10.91	-1346
0.490	0.147	7.641	47.16	7.166	95.83	6.174	-95.25	17.02	3250
0.570	0.147	7.505	57.56	7.24	-1.686	6.57	-376.7	32.36	4562
0.650	0.147	7.369	-66.81	7.838	-293.6	6.513	-215	14.82	-355
0.730	0.147	7.729	11.1	6.839	68.36	5.788	-146.3	1.834	-5121
0.810	0.147	7.147	-36.42	5.563	230.9	6.183	-487.8	2.258	-2914
0.890	0.147	6.537	-75.69	5.233	-30.43	5.113	-33.97	10.75	1263
0.970	0.147	5.585	-60.8	5.928	-377.6	4.886	-375.1	6.302	-1309
1.050	0.147	4.566	-155.6	4.462	-210.8	5.617	-790.3	2.402	-2678
1.130	0.147	4.943	-101.4	4.298	82.46	4.705	-124.9	1.829	-2630
1.210	0.147	5.964	-110.9	4.711	163.3	5.255	-396.1	2.526	-1123
1.290	0.147	6.249	-237.6	5.028	-55.29	5.295	-491.9	2.915	-121.5
1.370	0.147	6.25	60.14	6.788	-196.5	8.073	-269.7	15.82	1995
1.450	0.147	5.488	295.6	6.429	114.6	6.816	-333.7	14.22	-417.4
1.530	0.147	5.919	-129.5	5.914	-164.8	5.119	-514.3	2.075	-2029
1.610	0.147	8.111	-114.9	10.39	-324.1	10.29	-354.4	2.569	-717.3
1.690	0.147	9.938	84.44	9.158	-8.766	8.536	-104.9	22.53	-2716
1.770	0.147	8.623	-169.8	5.803	-5.404	5.06	-268.8	29.46	-107.4
1.850	0.147	5.342	-98.35	7.229	-274.3	8.919	-456.1	3.495	-125.9
1.930	0.147	4.143	280.5	5.473	-307.4	5.457	-288.9	22.37	-169.6
2.010	0.147	7.487	-21.89	6.876	-189.5	7.017	-213.1	46.3	2362
2.090	0.147	11.39	27.47	12.67	-68.16	10.05	-4.066	5.648	246.5
2.170	0.147	7.035	111.6	9.513	-250.5	8.224	-253.9	17.16	-729
2.250	0.147	6.37	-12.04	6.147	-65.17	7.37	-462.1	13.28	-2119
2.340	0.147	8.002	-47.27	6.624	30.41	6.626	-57.41	7.403	-2167
2.425	0.147	8.619	-24.92	7.366	16.32	6.047	182.1	5.64	-1823
2.480	0.147	8.575	-15.55	7.499	7.461	5.793	247.2	5.162	-1725
0.020	0.173	6.148	-246	5.322	-110.9	5.555	-199	13.15	-1159
0.069	0.173	6.26	-244.6	5.439	-117.2	5.66	-200	13.42	-1092
0.134	0.173	6.479	-242.8	5.667	-131	5.875	-201.6	13.89	-1016
0.217	0.173	6.756	-243.3	5.951	-154.4	6.18	-202	14.25	-1134
0.316	0.173	6.906	-241.7	6.079	-177.7	6.409	-191.1	13.44	-1817
0.410	0.173	6.753	-161.2	5.892	-104.2	6.01	-137.6	11.28	-1905
0.490	0.173	6.568	27.01	5.959	36.28	5.305	-131.4	12.26	608.6
0.570	0.173	6.141	149.5	5.94	-59.09	4.716	-265.7	13.17	1159
0.650	0.173	5.704	137.6	6.075	-317.1	4.25	-213.9	5.423	-2878
0.730	0.173	5.442	106.8	5.26	-183	3.808	-220.8	1.309	-6474
0.810	0.173	4.827	-52.13	4.052	-54.91	3.257	-344.3	2.228	-3738
0.890	0.173	4.11	-145.1	3.449	-202.5	2.292	-47.58	8.268	-3.851
0.970	0.173	3.282	-154.9	3.052	-352.8	2.075	-277.6	3.642	-2061
1.050	0.173	2.7	-245.7	2.122	-41.92	2.668	-692.4	0.6677	-3676
1.130	0.173	2.979	-223.1	2.065	262.4	3.199	-565.3	0.3631	-2515
1.210	0.173	3.878	-159.4	2.803	273.3	4.391	-806.8	0.7238	-483.9
1.290	0.173	4.519	-115.6	3.893	99.19	5.675	-798.1	1.649	-297.7
1.370	0.173	4.572	101.1	5.053	-62.69	6.985	-421.4	6.469	325.6
1.450	0.173	3.924	188.9	4.539	34.92	4.457	-190.4	4.646	-149.7
1.530	0.173	4.046	-36.66	4.668	-151.7	2.948	-167.8	1.083	8.117
1.610	0.173	5.481	30.34	7.683	-225	4.991	-141.2	1.838	-174.2
1.690	0.173	6.58	187.3	7.366	36.38	5.378	-83.91	16.9	-1909
1.770	0.173	5.422	41.23	5.019	121	3.886	-207.4	30.37	349.9
1.850	0.173	3.394	57.01	4.582	-112.3	4.146	-234.5	8.524	1083
1.930	0.173	3.002	258.5	4.151	-370	3.591	-92	33.94	1923
2.010	0.173	8.932	83.08	10.05	-337.5	10.49	-247.9	38.71	4196
2.090	0.173	15.92	145.6	17.73	-105.8	10.6	45.08	5.929	3133
2.170	0.173	6.692	117.4	7.743	-179.3	7.175	-373.4	14.46	1534
2.250	0.173	5.744	-19.13	5.302	-66.12	6.75	-500.2	10.01	-844.3
2.340	0.173	7.051	-50.28	5.916	4.482	6.113	-95.09	5.848	-1728
2.425	0.173	7.832	-26.13	6.807	2.95	5.65	166.7	4.812	-1707
2.480	0.173	7.976	-15.22	7.097	-0.8295	5.482	244	4.662	-1659
0.007	0.200	6.052	-247.8	5.223	-106.6	5.475	-198.4	12.98	-1245
0.050	0.200	6.126	-247	5.299	-110.7	5.547	-199.3	13.19	-1205
0.109	0.200	6.293	-245.9	5.471	-121.4	5.716	-201	13.63	-1155
0.186	0.200	6.513	-246.6	5.696	-139.9	5.97	-202.8	14.1	-1244
0.280	0.200	6.654	-246.7	5.824	-159.5	6.202	-199.4	13.84	-1764
0.383	0.200	6.532	-194.3	5.68	-118.9	5.996	-171.8	12.05	-2164
0.463	0.200	6.251	-41.89	5.546	-14.74	5.301	-157.3	11.06	-978.3
0.543	0.200	5.782	124.2	5.461	-49.7	4.479	-222.7	9.873	-334
0.623	0.200	5.247	190.1	5.469	-266	3.847	-232.3	4.834	-3017
0.703	0.200	4.798	154.7	4.936	-302.4	3.408	-241.7	1.547	-6411
0.783	0.200	4.214	-7.355	3.86	-206.9	2.794	-286.2	1.798	-5099
0.863	0.200	3.515	-145.6	3.07	-252.5	1.904	-91.52	5.577	-1460
0.943	0.200	2.761	-179.7	2.496	-340.1	1.519	-136.3	3.865	-1945
1.023	0.200	2.219	-244.4	1.742	-90.32	1.782	-471.5	0.6822	-3738
1.103	0.200	2.285	-255.7	1.539	240.8	2.417	-607.2	0.237	-2898
1.183	0.200	2.986	-180.7	2.094	279.9	3.571	-814.9	0.4	-583.8
1.263	0.200	3.806	-85.68	3.243	151.8	5.178	-878.2	1.153	-166.8
1.343	0.200	4.123	69.48	4.403	-7.449	6.418	-565.7	3.856	-584.1
1.423	0.200	3.664	125.6	4.153	-7.304	4.458	-203.3	3.802	-726.3
1.503	0.200	3.467	-3.222	3.972	-90.96	2.618	-19.76	1.184	221.3
1.583	0.200	4.357	34.77	5.861	-171	3.416	-15.74	1.415	573.4
1.663	0.200	5.475	192.2	6.877	-15.8	4.736	-64.06	8.544	-1058
1.743	0.200	4.94	145.9	5.252	142	4.035	-162.4	24.2	-227.9
1.823	0.200	3.273	90.07	4.029	44.34	3.211	-131.6	11.68	822.4
1.903	0.200	2.596	188.9	3.464	-253	2.692	38.78	22.65	1658
1.983	0.200	6.415	89.86	7.832	-385.8	8.781	-240.6	50.97	3539
2.063	0.200	25.69	115.6	27.94	-140.4	16.54	-75.04	6.792	4572
2.143	0.200	7.871	133.7	8.527	-151	6.944	-291.7	10.64	2987
2.223	0.200	5.408	3.546	5.109	-95.31	6.366	-523.9	9.28	342.3
2.307	0.200	6.254	-51.47	5.336	-21.83	5.956	-213.8	5.68	-1334
2.402	0.200	7.271	-33.18	6.32	-4.388	5.524	104.3	4.578	-1651
2.467	0.200	7.637	-17.5	6.831	-4.812	5.352	226.1	4.468	-1632
0.033	0.200	6.077	-247.5	5.248	-107.9	5.499	-198.7	13.05	-1232
0.088	0.200	6.198	-246.5	5.373	-115.2	5.619	-200.1	13.38	-1179
0.159	0.200	6.399	-246	5.579	-129.7	5.834	-202	13.88	-1173
0.247	0.200	6.601	-247.4	5.781	-150.3	6.098	-202.3	14.12	-1441
0.352	0.200	6.628	-231.9	5.783	-150.9	6.179	-190.3	13.11	-2064
0.437	0.200	6.396	-129.8	5.582	-70.54	5.676	-158.8	11.26	-1832
0.517	0.200	6.03	51.6	5.495	-4.158	4.841	-174.3	10.49	-422.2
0.597	0.200	5.504	179.5	5.463	-145.9	4.105	-242	7.525	-1218
0.677	0.200	5.003	181.7	5.304	-330.2	3.624	-235.1	2.752	-4906
0.757	0.200	4.528	80.39	4.413	-256.7	3.129	-264.5	1.35	-6442
0.837	0.200	3.87	-94.82	3.396	-200.8	2.321	-220.9	3.188	-3144
0.917	0.200	3.128	-171.9	2.766	-304.2	1.627	-57.31	6.058	-1077
0.997	0.200	2.441	-206.4	2.099	-257.3	1.581	-292	1.684	-3033
1.077	0.200	2.164	-267.6	1.544	102.5	2.108	-599.4	0.3222	-3687
1.157	0.200	2.57	-223.7	1.729	293.3	2.932	-693.4	0.2618	-1645
1.237	0.200	3.428	-125.8	2.637	232	4.379	-882.9	0.6826	-46.1
1.317	0.200	4.048	-11.38	3.893	65.11	5.931	-751	2.094	-468.4
1.397	0.200	3.947	114.2	4.441	-37.41	5.711	-354.1	4.642	-684.8
1.477	0.200	3.455	79.62	3.926	-26.46	3.236	-67.35	2.166	-369
1.557	0.200	3.783	-13.08	4.667	-144.8	2.675	-6.823	1.03	526.2
1.637	0.200	5.017	115.3	6.831	-122.2	4.301	-46.01	3.136	-234.7
1.717	0.200	5.445	204.5	6.239	84.52	4.65	-108.3	19.22	-946.8
1.797	0.200	4.105	100.9	4.471	132.3	3.508	-167.6	19.84	619.5
1.877	0.200	2.748	122.2	3.621	-106.5	2.834	-40.86	11.93	1224
1.957	0.200	3.42	183.4	4.457	-378	3.932	-22.83	41.02	2647
2.037	0.200	17.93	33.19	20.67	-269.4	21.28	-372.1	22.08	4534
2.117	0.200	13.73	154.1	14.66	-118.5	8.968	-63.82	7.447	3592
2.197	0.200	5.762	69.71	5.955	-141.6	6.425	-477.5	11.12	1645
2.277	0.200	5.607	-38.36	4.964	-54.72	6.173	-414.5	7.124	-760.8
2.373	0.200	6.844	-46.45	5.835	-6.565	5.695	-26.56	4.87	-1622
2.448	0.200	7.537	-23.11	6.663	-4.139	5.408	188.3	4.452	-1651
2.493	0.200	7.687	-14.67	6.916	-5.178	5.324	244.8	4.477	-1623
0.020	0.227	5.957	-249.6	5.125	-102.4	5.396	-197.8	12.82	-1334
0.069	0.227	6.042	-248.9	5.211	-107.3	5.483	-199	13.09	-1297
0.134	0.227	6.199	-248.5	5.372	-118.3	5.656	-201.2	13.58	-1283
0.217	0.227	6.377	-250	5.55	-135.3	5.893	-203.9	14.06	-1462
0.316	0.227	6.432	-245.4	5.591	-145.1	6.057	-202	13.69	-2040
0.410	0.227	6.228	-175.9	5.401	-93.51	5.754	-183.7	11.84	-2286
0.490	0.227	5.862	-20.06	5.239	-22.33	5.029	-189.7	10.32	-1424
0.570	0.227	5.324	131.1	5.138	-109.2	4.239	-249.8	7.636	-1707
0.650	0.227	4.754	178.5	5.03	-310.4	3.662	-258.5	3.323	-4626
0.730	0.227	4.219	110.8	4.366	-329.3	3.154	-265.9	1.484	-6758
0.810	0.227	3.569	-56.46	3.373	-273.7	2.375	-226.9	2.424	-4525
0.890	0.227	2.857	-161.8	2.636	-322.6	1.583	-29.18	5.142	-1887
0.970	0.227	2.195	-192.1	1.981	-299.9	1.331	-105.4	2.111	-2953
1.050	0.227	1.847	-241.9	1.409	10.16	1.604	-372.3	0.3922	-3840
1.130	0.227	2.074	-214.8	1.444	235.5	2.253	-519.8	0.2312	-2002
1.210	0.227	2.847	-116.9	2.207	189.7	3.515	-744.5	0.5675	45.36
1.290	0.227	3.685	-14.14	3.509	47.78	5.137	-741.7	1.854	-453.9
1.370	0.227	3.937	77.64	4.359	-58.07	5.658	-420.8	4.611	-1633
1.450	0.227	3.496	40.39	3.834	-27.42	3.539	-75.58	2.91	-1663
1.530	0.227	3.489	-55.57	3.921	-84.41	2.472	83.59	1.271	192
1.610	0.227	4.435	59.83	5.704	-117	3.716	34.59	2.566	834.9
1.690	0.227	5.191	200.6	6.217	21.08	4.977	-88.58	12.45	-401.8
1.770	0.227	4.343	123.6	4.714	144.1	3.921	-157	16.49	-143
1.850	0.227	2.912	69.12	3.473	39.04	2.617	16.78	8.282	-85.91
1.930	0.227	2.725	120.7	3.299	-235.6	2.551	165.1	23.16	750.5
2.010	0.227	11.13	-70.52	12.64	-275	19.04	-492	45.1	1709
2.090	0.227	20.59	98.92	20.3	-92.57	11.82	-62.92	5.121	3029
2.170	0.227	5.557	80.9	5.628	-146.7	5.588	-406.9	7.795	2446
2.250	0.227	4.94	-33.25	4.449	-83.66	5.645	-478.7	6.13	-75.62
2.340	0.227	6.116	-55.44	5.241	-24.73	5.454	-117.9	4.491	-1440
2.425	0.227	7.052	-29.01	6.261	-11.25	5.245	146.8	4.243	-1613
2.480	0.227	7.348	-16.28	6.676	-9.653	5.18	231.3	4.385	-1589
0.020	0.253	5.747	-253.3	4.91	-92.77	5.219	-196.2	12.41	-1527
0.069	0.253	5.806	-253.1	4.968	-96.3	5.287	-197.5	12.69	-1513
0.134	0.253	5.911	-253.3	5.074	-103.9	5.423	-200.4	13.22	-1537
0.217	0.253	6.016	-254.4	5.178	-114.9	5.608	-205.6	13.83	-1728
0.316	0.253	6.012	-248.5	5.174	-119.7	5.746	-212.6	13.84	-2234
0.410	0.253	5.785	-191.2	4.998	-88.52	5.556	-216.9	12.27	-2642
0.490	0.253	5.384	-68.81	4.805	-57.72	5.018	-239.6	9.972	-2580
0.570	0.253	4.828	62.05	4.647	-137.7	4.346	-289.7	6.732	-3253
0.650	0.253	4.212	118.3	4.449	-304.3	3.754	-304.9	3.383	-5332
0.730	0.253	3.588	69.09	3.878	-375	3.129	-279.9	1.968	-6622
0.810	0.253	2.915	-57.66	3.031	-367	2.283	-175.7	2.559	-5109
0.890	0.253	2.251	-144.2	2.271	-364.9	1.515	27.62	3.423	-3338
0.970	0.253	1.714	-169.6	1.635	-274.8	1.188	72.89	1.474	-3668
1.050	0.253	1.472	-182.6	1.229	-26.79	1.272	-49.64	0.4085	-3567
1.130	0.253	1.673	-135	1.329	108.9	1.727	-207	0.3243	-1461
1.210	0.253	2.371	-40.94	2.095	32.1	2.737	-433.9	0.8837	218.8
1.290	0.253	3.325	26.88	3.427	-84.05	4.126	-498.1	2.953	-1025
1.370	0.253	3.884	23.21	4.26	-122.8	4.671	-301.8	5.918	-3435
1.450	0.253	3.709	-74	3.798	-47.32	3.387	-8.312	4.177	-3724
1.530	0.253	3.655	-133	3.652	-26.35	2.677	164.6	2.706	-644.4
1.610	0.253	4.276	1.122	4.724	-64.33	3.854	87.3	4.867	1824
1.690	0.253	4.837	137.4	5.434	-26.42	5.44	-106.8	11.12	966.7
1.770	0.253	4.288	69.74	4.528	88.62	4.318	-139.3	8.616	-966.6
1.850	0.253	3.147	-31.41	3.243	104.1	2.441	132.4	4.645	-2706
1.930	0.253	2.815	-42.6	2.824	-50.01	2.202	305.1	11.48	-2962
2.010	0.253	6.655	-206.6	6.344	-91.12	12.28	-391.3	30.9	-5102
2.090	0.253	9.465	-8.952	8.07	-43.83	7.468	-122.6	3.037	-1950
2.170	0.253	3.985	22.15	3.703	-129.6	4.011	-368.9	3.221	1577
2.250	0.253	4.058	-54.84	3.609	-99.19	4.436	-429.5	3.333	24.14
2.340	0.253	5.268	-63.71	4.619	-49.5	4.74	-126.2	3.425	-1287
2.425	0.253	6.302	-33.44	5.742	-26.37	4.838	122	3.885	-1525
2.480	0.253	6.699	-18.89	6.238	-19.26	4.885	208	4.301	-1513
0.007	0.280	5.639	-255.1	4.799	-87.75	5.125	-195.1	12.18	-1625
0.050	0.280	5.674	-255.1	4.835	-89.82	5.17	-196.1	12.38	-1621
0.109	0.280	5.749	-255.4	4.908	-95.04	5.273	-198.7	12.86	-1645
0.186	0.280	5.828	-256.2	4.986	-102.9	5.426	-204	13.52	-1791
0.280	0.280	5.833	-252.6	4.994	-107.3	5.571	-213.4	13.91	-2186
0.383	0.280	5.655	-213.5	4.863	-90.37	5.511	-226.3	12.96	-2652
0.463	0.280	5.295	-119.3	4.674	-70.48	5.148	-252.8	10.76	-2904
0.543	0.280	4.778	-0.3447	4.5	-122.9	4.587	-298.3	7.498	-3525
0.623	0.280	4.171	76.13	4.303	-259.4	4.007	-325.1	4.184	-5056
0.703	0.280	3.533	62.33	3.854	-365.9	3.373	-303.2	2.497	-6287
0.783	0.280	2.863	-30.24	3.113	-394.7	2.534	-197.5	2.53	-5608
0.863	0.280	2.207	-116.1	2.336	-383.4	1.708	-1.523	2.959	-4174
0.943	0.280	1.669	-150.1	1.672	-297.1	1.242	129.1	1.664	-3884
1.023	0.280	1.386	-153.8	1.248	-99.57	1.161	110.2	0.5754	-3572
1.103	0.280	1.471	-111.5	1.251	33.52	1.432	-17.79	0.4013	-1706
1.183	0.280	2.008	-28.06	1.836	-16.17	2.176	-234	0.8921	163.9
1.263	0.280	2.945	34.48	3.059	-124.6	3.383	-371.8	2.991	-617.6
1.343	0.280	3.792	15.03	4.148	-158.6	4.249	-294.4	6.551	-3473
1.423	0.280	3.949	-94.51	4.016	-80.67	3.646	-59.89	5.932	-4871
1.503	0.280	3.837	-170.4	3.637	-8.989	2.914	143.9	4.201	-2239
1.583	0.280	4.161	-72.93	4.159	-32.02	3.615	119.6	5.923	1554
1.663	0.280	4.685	75	5.016	-63.53	5.368	-88.26	10.39	2002
1.743	0.280	4.529	57.05	4.764	9.737	5.082	-177.5	7.914	-580.6
1.823	0.280	3.616	-61.6	3.56	100.1	2.927	60.38	3.98	-3529
1.903	0.280	2.993	-112.7	2.787	51.83	2.094	321.8	6.318	-4634
1.983	0.280	4.118	-187.7	3.698	-8.677	5.15	-21.5	16.39	-6131
2.063	0.280	5.982	-112.5	4.829	6.587	6.749	-167.7	3.669	-6025
2.143	0.280	3.68	-4.459	3.248	-99.06	3.538	-268.8	1.974	417.5
2.223	0.280	3.532	-52.15	3.151	-112.3	3.766	-411.3	2.333	370.1
2.307	0.280	4.558	-70.77	4.038	-72.32	4.31	-205.8	2.863	-998.2
2.402	0.280	5.719	-43.21	5.235	-38.96	4.604	57.37	3.594	-1459
2.467	0.280	6.315	-23.16	5.933	-25.4	4.732	178.8	4.22	-1479
0.033	0.280	5.651	-255.1	4.811	-88.44	5.14	-195.5	12.25	-1624
0.088	0.280	5.707	-255.2	4.867	-92.03	5.214	-197.2	12.59	-1627
0.159	0.280	5.79	-255.8	4.948	-98.69	5.344	-201	13.18	-1698
0.247	0.280	5.844	-255.6	5.003	-105.9	5.504	-208.2	13.78	-1954
0.352	0.280	5.77	-240	4.945	-102.6	5.58	-219.9	13.65	-2440
0.437	0.280	5.493	-173.6	4.768	-79.31	5.366	-237.4	11.95	-2827
0.517	0.280	5.05	-60.31	4.58	-84.67	4.88	-273.1	9.16	-3153
0.597	0.280	4.477	47.33	4.408	-183.2	4.289	-316	5.735	-4178
0.677	0.280	3.848	81.68	4.118	-324.3	3.696	-320.9	3.16	-5777
0.757	0.280	3.195	23.12	3.508	-391.4	2.967	-260.2	2.336	-6212
0.837	0.280	2.524	-78.58	2.71	-391.5	2.094	-107.2	2.769	-4891
0.917	0.280	1.915	-140.1	1.977	-349.1	1.424	82.58	2.471	-3848
0.997	0.280	1.492	-154.5	1.422	-207.7	1.155	143	0.9905	-3812
1.077	0.280	1.379	-138.9	1.192	-15.86	1.249	56.87	0.4194	-2805
1.157	0.280	1.678	-72.08	1.458	27.58	1.737	-120.5	0.5299	-592.3
1.237	0.280	2.444	10.42	2.383	-72.36	2.741	-324.6	1.636	179.9
1.317	0.280	3.428	35.02	3.701	-153.2	3.934	-364.9	4.743	-1975
1.397	0.280	3.966	-35.27	4.226	-129.4	4.121	-189	6.797	-4603
1.477	0.280	3.878	-145.6	3.763	-31.96	3.197	62.8	4.864	-4045
1.557	0.280	3.928	-142	3.762	-6.58	3.044	168.4	4.569	-170.7
1.637	0.280	4.445	9.815	4.651	-57.73	4.489	24.65	8.009	2312
1.717	0.280	4.734	93.96	5.102	-41.89	5.66	-164.5	10.17	911.2
1.797	0.280	4.124	-1.536	4.182	67.77	3.955	-90.12	5.494	-2176
1.877	0.280	3.212	-102.3	3.049	97.54	2.261	223.9	4.17	-4330
1.957	0.280	3.194	-138	2.926	6.725	2.724	246.5	10.9	-5156
2.037	0.280	5.401	-216.6	4.589	3.828	8.945	-290	12.9	-7993
2.117	0.280	4.858	-19.95	4.092	-50.15	4.343	-132.7	2.027	-1628
2.197	0.280	3.377	-20.65	3.042	-119.1	3.487	-379.2	2.126	987.5
2.277	0.280	3.949	-69.11	3.504	-94.85	4.069	-346	2.596	-377.5
2.373	0.280	5.191	-59.52	4.659	-52.39	4.49	-61.1	3.212	-1361
2.448	0.280	6.109	-30.51	5.682	-29.89	4.684	138.3	3.941	-1491
2.493	0.280	6.421	-19.43	6.063	-23.16	4.756	199.1	4.368	-1472
0.020	0.307	5.531	-256.8	4.691	-82.93	5.033	-194	11.95	-1726
0.069	0.307	5.568	-256.9	4.726	-85.03	5.084	-195.3	12.21	-1729
0.134	0.307	5.628	-257.3	4.785	-89.45	5.185	-198.4	12.75	-1777
0.217	0.307	5.675	-257.4	4.831	-94.94	5.325	-205	13.47	-1962
0.316	0.307	5.631	-249.1	4.799	-94.71	5.442	-218.1	13.86	-2367
0.410	0.307	5.408	-200.4	4.655	-78.18	5.357	-239.3	12.82	-2784
0.490	0.307	5.023	-105.8	4.483	-76.12	5.029	-277.3	10.43	-3116
0.570	0.307	4.499	0.1382	4.325	-149.5	4.548	-326	7.024	-3895
0.650	0.307	3.898	56.36	4.1	-282.4	4.017	-344.7	4.017	-5262
0.730	0.307	3.261	29.56	3.605	-372.3	3.341	-298.6	2.694	-5977
0.810	0.307	2.599	-53.32	2.867	-391	2.452	-156.8	2.774	-5137
0.890	0.307	1.98	-116.4	2.119	-359.6	1.655	53.15	2.664	-4070
0.970	0.307	1.516	-133.3	1.522	-246.6	1.235	183.2	1.337	-3787
1.050	0.307	1.326	-118.4	1.218	-74.51	1.184	166.2	0.5905	-2871
1.130	0.307	1.505	-59.58	1.365	-12.8	1.492	24.29	0.6238	-679.6
1.210	0.307	2.146	17.37	2.127	-97.55	2.273	-192.4	1.698	577
1.290	0.307	3.18	43.11	3.454	-182.2	3.424	-305.8	5.195	-1268
1.370	0.307	4.055	-27.83	4.357	-164	4.078	-214.5	8.926	-4679
1.450	0.307	4.214	-155.4	4.065	-51.77	3.515	2.906	7.361	-5532
1.530	0.307	4.146	-190.4	3.766	10.7	3.151	140.5	6.3	-1856
1.610	0.307	4.444	-58.8	4.323	-48.08	4.261	26.09	9.459	2233
1.690	0.307	4.806	55.36	5.001	-101.3	5.93	-207.2	11.77	2012
1.770	0.307	4.538	-17.01	4.574	-23.67	4.883	-215.1	6.172	-1655
1.850	0.307	3.704	-143.2	3.438	71.29	2.745	90.81	3.454	-5085
1.930	0.307	3.19	-175.3	2.818	48.77	2.326	282.4	6.76	-6136
2.010	0.307	3.818	-207.5	3.232	38.63	4.992	-54.51	10.7	-7748
2.090	0.307	3.84	-74.21	3.115	7.738	3.859	-79.67	1.853	-4059
2.170	0.307	2.945	-29.49	2.613	-98.46	2.932	-310.2	1.389	522.4
2.250	0.307	3.388	-72.24	3.038	-107	3.514	-376.3	1.908	-163.5
2.340	0.307	4.572	-70.38	4.139	-69.47	4.131	-135.7	2.771	-1266
2.425	0.307	5.642	-37.96	5.294	-38.99	4.484	90.4	3.811	-1464
2.480	0.307	6.1	-22.12	5.832	-27.67	4.628	176	4.491	-1434
0.020	0.333	5.31	-260.1	4.47	-72.82	4.84	-191.4	11.42	-1930
0.069	0.333	5.327	-260.2	4.485	-73.51	4.874	-192.4	11.68	-1943
0.134	0.333	5.352	-260.1	4.507	-74.91	4.945	-195.3	12.22	-1996
0.217	0.333	5.357	-258.8	4.514	-75.97	5.049	-202.6	13.03	-2147
0.316	0.333	5.291	-248.6	4.469	-73.19	5.157	-219.7	13.79	-2447
0.410	0.333	5.082	-205.8	4.354	-64.39	5.16	-252	13.36	-2782
0.490	0.333	4.74	-129	4.224	-74.35	5.019	-302	11.41	-3125
0.570	0.333	4.276	-42.05	4.099	-141.5	4.742	-357.2	8.103	-3741
0.650	0.333	3.728	11.37	3.903	-252.9	4.342	-379.3	4.999	-4636
0.730	0.333	3.128	4.041	3.478	-337.5	3.709	-327	3.407	-5090
0.810	0.333	2.502	-46.47	2.819	-359.9	2.804	-172.7	3.04	-4618
0.890	0.333	1.921	-87.47	2.117	-324.6	1.932	50.62	2.633	-3888
0.970	0.333	1.494	-92.13	1.566	-229.8	1.4	222.2	1.617	-3286
1.050	0.333	1.317	-63.02	1.313	-118.6	1.243	253.6	1.028	-1954
1.130	0.333	1.476	-3.234	1.483	-99.8	1.439	134.4	1.298	140
1.210	0.333	2.078	51.79	2.225	-175.7	2.053	-69.77	3.256	949.3
1.290	0.333	3.165	40.94	3.51	-225.9	3.035	-200.4	8.64	-1378
1.370	0.333	4.331	-61.69	4.531	-171.8	3.826	-161.1	14.3	-5400
1.450	0.333	4.841	-192.7	4.474	-43.54	3.78	-10.64	13.73	-6844
1.530	0.333	4.776	-218.4	4.113	19.55	3.692	58.82	12.94	-3163
1.610	0.333	4.762	-103.5	4.314	-65.69	4.717	-109.2	16.03	1905
1.690	0.333	4.905	-20.86	4.782	-177.6	6.181	-363.8	14.46	2468
1.770	0.333	4.851	-108.7	4.655	-148.1	5.351	-369.4	6.454	-1841
1.850	0.333	4.324	-237.6	3.835	-30.83	3.365	-81.33	3.495	-6422
1.930	0.333	3.563	-250.6	3.018	35.92	2.684	133.7	5.248	-7882
2.010	0.333	3.016	-209	2.498	77.93	3.32	11.41	5.708	-7773
2.090	0.333	2.494	-98.55	2.047	47.38	2.515	-50.03	1.254	-3961
2.170	0.333	2.296	-63.3	2.043	-65.44	2.266	-276.4	0.7956	-292.8
2.250	0.333	2.89	-86.01	2.66	-104.1	2.88	-344.2	1.26	-556.8
2.340	0.333	4.025	-75.97	3.783	-81.37	3.641	-149.2	2.433	-1345
2.425	0.333	5.071	-42.29	4.916	-49.16	4.172	53.76	3.983	-1420
2.480	0.333	5.548	-25.83	5.457	-35.24	4.397	136.3	4.957	-1351
0.007	0.360	5.202	-261.7	4.362	-67.85	4.743	-190	11.14	-2030
0.050	0.360	5.208	-261.7	4.367	-67.86	4.763	-190.6	11.32	-2043
0.109	0.360	5.217	-261.6	4.374	-67.86	4.81	-192.6	11.77	-2086
0.186	0.360	5.211	-260.1	4.368	-67.09	4.889	-198.4	12.54	-2196
0.280	0.360	5.154	-251.8	4.327	-63.46	4.989	-213.4	13.48	-2410
0.383	0.360	4.987	-218.7	4.238	-56.77	5.049	-245.7	13.72	-2677
0.463	0.360	4.698	-155.5	4.131	-64.21	5.017	-297.6	12.47	-2969
0.543	0.360	4.294	-76.82	4.029	-115.8	4.873	-358.1	9.517	-3425
0.623	0.360	3.798	-15.89	3.881	-210.9	4.594	-395.3	6.176	-4076
0.703	0.360	3.237	-1.937	3.552	-299.5	4.077	-365.1	4.081	-4514
0.783	0.360	2.636	-31.64	2.98	-337.2	3.237	-232.9	3.295	-4340
0.863	0.360	2.057	-67.15	2.3	-315.7	2.299	-16.28	2.843	-3802
0.943	0.360	1.599	-76.01	1.721	-242	1.621	187.6	2.043	-3137
1.023	0.360	1.362	-50.04	1.412	-154.3	1.322	272.3	1.455	-1850
1.103	0.360	1.422	5.281	1.481	-131.2	1.381	195.8	1.675	129.2
1.183	0.360	1.876	57.94	2.051	-187.5	1.821	9.47	3.511	1233
1.263	0.360	2.836	52.58	3.175	-234.8	2.646	-147	8.74	-471.8
1.343	0.360	4.123	-41.18	4.361	-191.8	3.542	-160.5	15.87	-4498
1.423	0.360	5.019	-174.2	4.712	-70.08	3.893	-50.32	17.85	-7210
1.503	0.360	5.124	-227.7	4.401	15.38	3.919	20.06	17	-5062
1.583	0.360	4.925	-147.4	4.298	-42.76	4.611	-122.6	18.87	266.5
1.663	0.360	4.872	-59.77	4.567	-180.3	5.921	-392.2	17.41	2716
1.743	0.360	4.924	-116	4.682	-217	5.788	-471.7	8.666	-480.5
1.823	0.360	4.726	-247.9	4.227	-121.7	4.103	-250.5	4.167	-5700
1.903	0.360	4.036	-284.4	3.427	-11.99	3.103	-2.222	4.578	-8241
1.983	0.360	3.093	-227	2.578	69.14	3.018	13.82	5.167	-7937
2.063	0.360	2.285	-129	1.894	75.84	2.355	-39.55	1.616	-4801
2.143	0.360	2.06	-79.63	1.816	-22.41	2.032	-220.4	0.6834	-1199
2.223	0.360	2.507	-87.87	2.326	-93.77	2.461	-334	0.903	-617
2.307	0.360	3.492	-83.53	3.327	-93.11	3.231	-209.9	1.92	-1260
2.402	0.360	4.581	-52.03	4.488	-60.99	3.905	-8.401	3.675	-1408
2.467	0.360	5.209	-30.65	5.184	-41.34	4.247	100.6	5.056	-1322
0.033	0.360	5.204	-261.7	4.364	-67.86	4.75	-190.2	11.2	-2035
0.088	0.360	5.213	-261.7	4.371	-67.87	4.783	-191.4	11.51	-2060
0.159	0.360	5.217	-261.1	4.373	-67.62	4.846	-194.9	12.11	-2132
0.247	0.360	5.191	-257.3	4.353	-65.76	4.938	-204.5	13.01	-2290
0.352	0.360	5.087	-239.7	4.289	-60.53	5.03	-227.3	13.76	-2546
0.437	0.360	4.857	-191	4.184	-57.95	5.048	-269.4	13.3	-2824
0.517	0.360	4.508	-117.4	4.079	-83.56	4.962	-327.5	11.17	-3175
0.597	0.360	4.054	-42.62	3.964	-158.9	4.754	-381.1	7.816	-3731
0.677	0.360	3.521	-1.983	3.743	-259	4.368	-389.9	4.972	-4342
0.757	0.360	2.935	-11.72	3.291	-326.5	3.688	-311.7	3.553	-4517
0.837	0.360	2.336	-50.03	2.64	-333.4	2.758	-132.1	3.045	-4106
0.917	0.360	1.807	-75.47	1.987	-283.7	1.917	93.89	2.466	-3482
0.997	0.360	1.451	-66.91	1.53	-197	1.424	251	1.699	-2572
1.077	0.360	1.352	-25	1.396	-132.8	1.303	255.7	1.454	-884.3
1.157	0.360	1.592	34.03	1.693	-152.8	1.544	111.7	2.286	914.1
1.237	0.360	2.291	64.2	2.55	-217.7	2.187	-81.06	5.57	772.8
1.317	0.360	3.476	14.85	3.819	-225.1	3.123	-177.1	12.37	-2362
1.397	0.360	4.678	-109.3	4.674	-134.7	3.824	-118.4	17.66	-6292
1.477	0.360	5.165	-216.9	4.587	-13.31	3.914	-0.06351	17.41	-6801
1.557	0.360	5.025	-201.3	4.285	6.245	4.137	-19.65	17.58	-2467
1.637	0.360	4.871	-93.91	4.409	-113.2	5.257	-254.8	18.9	2166
1.717	0.360	4.907	-67.14	4.697	-221.1	6.166	-470.9	13.03	1700
1.797	0.360	4.882	-182.9	4.527	-179.7	4.997	-391.4	5.674	-3199
1.877	0.360	4.425	-283.8	3.828	-59.02	3.438	-107.7	3.897	-7451
1.957	0.360	3.527	-260.9	2.96	33.76	2.945	43.49	5.266	-8341
2.037	0.360	2.608	-180.5	2.163	84.5	2.769	-13.74	3.424	-6727
2.117	0.360	2.115	-94.68	1.796	33.3	2.125	-117.8	0.9087	-2783
2.197	0.360	2.214	-78.89	2.016	-68.95	2.174	-303.8	0.7009	-489.4
2.277	0.360	2.949	-89.44	2.779	-101.4	2.839	-301.4	1.305	-914.9
2.373	0.360	4.072	-69.15	3.935	-77.58	3.611	-105.5	2.773	-1415
2.448	0.360	4.977	-38.65	4.927	-48.49	4.124	61.55	4.502	-1369
2.493	0.360	5.329	-26.6	5.319	-37.72	4.31	120.2	5.359	-1298
0.020	0.387	5.095	-263.1	4.257	-63.05	4.648	-188.5	10.85	-2132
0.069	0.387	5.095	-263.1	4.255	-62.45	4.667	-189.1	11.08	-2152
0.134	0.387	5.088	-262.4	4.246	-61.06	4.706	-191.2	11.58	-2205
0.217	0.387	5.059	-259.1	4.218	-57.87	4.774	-197.8	12.43	-2313
0.316	0.387	4.975	-245.9	4.161	-51.38	4.866	-216.6	13.49	-2486
0.410	0.387	4.786	-205.1	4.072	-45.6	4.934	-257.7	13.77	-2668
0.490	0.387	4.494	-138.9	3.988	-61.32	4.942	-319.5	12.43	-2888
0.570	0.387	4.102	-63.73	3.914	-123.1	4.853	-385.1	9.225	-3253
0.650	0.387	3.631	-10.88	3.775	-218	4.616	-418.4	5.834	-3718
0.730	0.387	3.098	-3.788	3.433	-292.8	4.096	-371.9	3.89	-3934
0.810	0.387	2.528	-33.23	2.854	-311.6	3.219	-214.2	3.234	-3683
0.890	0.387	1.987	-61.65	2.2	-276.7	2.268	19.51	2.872	-3163
0.970	0.387	1.578	-60.77	1.686	-207.8	1.615	214.2	2.251	-2347
1.050	0.387	1.396	-24.44	1.467	-150.8	1.36	260.2	1.931	-799.9
1.130	0.387	1.52	34.59	1.643	-160.5	1.479	138.2	2.633	1080
1.210	0.387	2.065	73.67	2.326	-215.6	1.988	-60.15	5.532	1485
1.290	0.387	3.134	39.69	3.486	-228.2	2.84	-182.3	11.9	-1077
1.370	0.387	4.476	-75.28	4.547	-150.5	3.668	-146.2	18.63	-5384
1.450	0.387	5.288	-195.9	4.78	-27.87	3.978	-23.34	19.72	-7554
1.530	0.387	5.225	-212	4.469	17.97	4.137	-16.84	18.54	-4660
1.610	0.387	4.864	-119.2	4.334	-84.67	4.978	-254.2	19.43	688.9
1.690	0.387	4.711	-69.62	4.459	-225.6	5.97	-529.9	15.97	2335
1.770	0.387	4.779	-167.1	4.477	-239.2	5.316	-519	7.706	-1538
1.850	0.387	4.677	-286.8	4.133	-139.9	3.91	-255.1	4.405	-6521
1.930	0.387	3.969	-279.5	3.41	-31.04	3.299	-62.65	5.329	-8254
2.010	0.387	2.869	-194.3	2.449	60.66	2.995	-68.02	4.444	-6892
2.090	0.387	2.101	-105.2	1.813	58.98	2.161	-124.5	1.165	-3282
2.170	0.387	2.024	-79.64	1.861	-39.72	1.977	-289.5	0.6039	-719.4
2.250	0.387	2.596	-91.09	2.487	-98.3	2.5	-336.5	1.005	-859.2
2.340	0.387	3.625	-77.86	3.555	-88.95	3.295	-172.8	2.393	-1405
2.425	0.387	4.606	-45.4	4.616	-56.63	3.932	12.1	4.482	-1356
2.480	0.387	5.076	-29.14	5.131	-41.4	4.208	93	5.754	-1248
0.020	0.413	4.885	-265.8	4.052	-53.58	4.458	-185.3	10.25	-2332
0.069	0.413	4.87	-265.5	4.035	-51.83	4.461	-185.3	10.44	-2354
0.134	0.413	4.837	-263.9	4	-47.97	4.472	-186.1	10.88	-2397
0.217	0.413	4.781	-258.3	3.946	-41.06	4.506	-191.2	11.72	-2448
0.316	0.413	4.685	-241.6	3.877	-30.62	4.58	-210.2	13.02	-2483
0.410	0.413	4.515	-200.1	3.806	-22.82	4.689	-258.4	13.97	-2474
0.490	0.413	4.27	-137.4	3.76	-37.4	4.802	-332.1	13.32	-2474
0.570	0.413	3.954	-65.57	3.744	-94.88	4.86	-412	10.09	-2542
0.650	0.413	3.577	-9.983	3.688	-180.9	4.797	-463.7	6.164	-2657
0.730	0.413	3.141	5.675	3.446	-244.9	4.457	-433.9	3.896	-2668
0.810	0.413	2.655	-15.84	2.955	-254.8	3.659	-279.8	3.289	-2461
0.890	0.413	2.162	-41.86	2.357	-223.8	2.629	-35.03	3.391	-2021
0.970	0.413	1.757	-41.78	1.873	-183.3	1.851	171.3	3.401	-1159
1.050	0.413	1.547	-4.932	1.663	-166.3	1.512	208.9	3.521	342.7
1.130	0.413	1.62	52.83	1.817	-190	1.583	66.35	4.683	1903
1.210	0.413	2.085	85.07	2.402	-220	2.035	-132.4	7.84	1971
1.290	0.413	3.066	44.24	3.371	-197.9	2.783	-226.4	13.32	-604.6
1.370	0.413	4.414	-65.28	4.36	-109.6	3.556	-153.4	19.31	-4864
1.450	0.413	5.349	-168.2	4.808	-8.19	3.991	-20.83	20.79	-7695
1.530	0.413	5.26	-179.7	4.623	9.994	4.274	-61.04	17.78	-6103
1.610	0.413	4.639	-110.5	4.247	-99.89	4.924	-371.3	16.53	-1210
1.690	0.413	4.224	-87.02	4.008	-237.8	5.398	-669	15.15	1553
1.770	0.413	4.276	-184.5	3.992	-272.5	4.762	-630	9.344	-849.2
1.850	0.413	4.512	-286.1	4.084	-215.6	4.017	-378.7	5.859	-5302
1.930	0.413	4.149	-260.8	3.767	-122.7	3.848	-233.4	6.234	-7078
2.010	0.413	3.02	-163.7	2.771	-3.702	3.309	-225.8	4.636	-5351
2.090	0.413	2.126	-88.74	1.978	40.52	2.234	-246.6	1.269	-2182
2.170	0.413	1.971	-76.01	1.921	-28.39	1.91	-344.3	0.6007	-610.3
2.250	0.413	2.447	-88.56	2.468	-90.86	2.315	-360	0.9978	-997.5
2.340	0.413	3.353	-76.77	3.439	-91.47	3.08	-207.8	2.675	-1420
2.425	0.413	4.237	-47.05	4.39	-61.62	3.751	-32.22	5.369	-1270
2.480	0.413	4.674	-31.8	4.852	-46.5	4.049	47.9	6.945	-1126
0.007	0.440	4.786	-267.2	3.956	-49.18	4.367	-183.7	9.945	-2429
0.050	0.440	4.77	-266.9	3.938	-47.49	4.363	-183.5	10.06	-2447
0.109	0.440	4.73	-265.3	3.897	-43.21	4.359	-183.3	10.39	-2483
0.186	0.440	4.667	-260.1	3.834	-35.44	4.368	-185.8	11.08	-2515
0.280	0.440	4.574	-245	3.759	-23.45	4.416	-199.6	12.33	-2497
0.383	0.440	4.427	-208.5	3.689	-11.93	4.524	-242.7	13.73	-2401
0.463	0.440	4.218	-150.8	3.649	-17.9	4.675	-316.4	13.98	-2287
0.543	0.440	3.951	-80.68	3.653	-63.56	4.803	-403.3	11.38	-2198
0.623	0.440	3.634	-17.77	3.656	-143.4	4.853	-475.4	7.063	-2137
0.703	0.440	3.267	11.69	3.521	-211	4.705	-481.9	4.153	-2050
0.783	0.440	2.845	-0.3247	3.136	-227.3	4.099	-364.8	3.265	-1880
0.863	0.440	2.386	-28.34	2.584	-202.5	3.072	-130.2	3.531	-1546
0.943	0.440	1.963	-38.5	2.079	-172.7	2.143	105.1	4.06	-816.6
1.023	0.440	1.685	-11.72	1.803	-167.7	1.651	186.6	4.542	507.2
1.103	0.440	1.651	43.64	1.852	-193.4	1.604	69.05	5.671	1987
1.183	0.440	1.958	85.54	2.273	-217.2	1.941	-134	8.146	2356
1.263	0.440	2.731	63.73	3.043	-193.1	2.575	-250.8	12.06	467.7
1.343	0.440	3.958	-28.1	3.966	-112.2	3.301	-193.7	17.06	-3330
1.423	0.440	5.068	-128.7	4.628	-18.32	3.825	-43.81	19.79	-6892
1.503	0.440	5.246	-161.2	4.693	9.805	4.168	-36.26	16.63	-7274
1.583	0.440	4.626	-116.5	4.288	-74.5	4.694	-322.7	13.79	-3613
1.663	0.440	4.012	-86.26	3.821	-203.5	5.053	-666	13.82	342.1
1.743	0.440	3.885	-155.7	3.645	-262.9	4.521	-692.6	11.06	175.3
1.823	0.440	4.2	-257.2	3.853	-245.7	3.948	-462.7	7.162	-3481
1.903	0.440	4.262	-257.2	3.961	-187.8	4.029	-311.2	6.612	-6105
1.983	0.440	3.382	-167.7	3.215	-72.44	3.712	-294.6	5.59	-5110
2.063	0.440	2.344	-89.36	2.256	19.96	2.548	-298.6	1.909	-2239
2.143	0.440	1.97	-70.53	1.96	-5.442	1.942	-354.4	0.7015	-657
2.223	0.440	2.25	-83.38	2.314	-73.57	2.122	-381.8	0.8551	-899.5
2.307	0.440	3.001	-80.05	3.138	-94.68	2.784	-268.9	2.223	-1365
2.402	0.440	3.877	-54.13	4.077	-70.71	3.517	-92.42	5.106	-1271
2.467	0.440	4.415	-35.62	4.64	-51.67	3.921	11.38	7.313	-1086
0.033	0.440	4.781	-267.1	3.95	-48.62	4.366	-183.6	9.983	-2435
0.088	0.440	4.753	-266.3	3.92	-45.69	4.361	-183.3	10.19	-2463
0.159	0.440	4.702	-263.3	3.868	-39.8	4.361	-184.1	10.68	-2501
0.247	0.440	4.625	-254.2	3.798	-29.99	4.386	-190.8	11.63	-2514
0.352	0.440	4.509	-230.2	3.723	-17.32	4.463	-216.6	13.07	-2458
0.437	0.440	4.33	-182.1	3.665	-11.9	4.598	-276.2	14.08	-2341
0.517	0.440	4.092	-116.9	3.646	-34.86	4.75	-359.5	13.06	-2235
0.597	0.440	3.798	-47.28	3.658	-99.79	4.846	-442.9	9.283	-2162
0.677	0.440	3.456	2.331	3.612	-181	4.814	-489	5.392	-2098
0.757	0.440	3.061	11.14	3.359	-227	4.464	-439.8	3.503	-1980
0.837	0.440	2.615	-13.34	2.87	-219.3	3.615	-259.2	3.27	-1739
0.917	0.440	2.164	-36.57	2.315	-186.8	2.571	-5.852	3.799	-1233
0.997	0.440	1.802	-29.7	1.909	-166.5	1.841	170.3	4.318	-209.3
1.077	0.440	1.634	13.64	1.785	-177.6	1.574	150.7	4.987	1289
1.157	0.440	1.756	68.27	2.013	-207.6	1.721	-29.69	6.685	2387
1.237	0.440	2.281	83.37	2.619	-211.8	2.224	-209.9	9.902	1704
1.317	0.440	3.308	24.09	3.509	-157.3	2.945	-243.4	14.46	-1311
1.397	0.440	4.593	-82.18	4.365	-62.36	3.613	-121.5	18.94	-5349
1.477	0.440	5.303	-156	4.744	8.457	4.014	-11.08	18.78	-7621
1.557	0.440	4.987	-145.2	4.52	-18.85	4.39	-146.2	14.87	-5801
1.637	0.440	4.275	-93.5	4.036	-142	4.936	-511.1	13.53	-1331
1.717	0.440	3.881	-108.7	3.693	-249.5	4.908	-732.1	12.89	872.3
1.797	0.440	4.013	-210.7	3.719	-263.4	4.192	-594.7	8.902	-1454
1.877	0.440	4.313	-273.1	3.963	-219.6	3.917	-362.7	6.488	-5156
1.957	0.440	3.91	-217	3.679	-133.6	3.97	-288.5	6.44	-6032
2.037	0.440	2.807	-122.5	2.686	-15.44	3.155	-294.7	3.655	-3733
2.117	0.440	2.066	-72.66	2.015	21.56	2.14	-317.7	1.052	-1188
2.197	0.440	2.035	-75.68	2.061	-40.75	1.944	-378.8	0.6612	-617.9
2.277	0.440	2.577	-85.21	2.677	-91.92	2.412	-343.8	1.33	-1179
2.373	0.440	3.458	-68.48	3.63	-85.46	3.179	-179.4	3.593	-1380
2.448	0.440	4.21	-42.77	4.429	-58.84	3.775	-27.52	6.496	-1166
2.493	0.440	4.521	-32.01	4.75	-48.02	3.996	30.97	7.762	-1046
0.020	0.467	4.689	-268.3	3.862	-44.86	4.278	-182.2	9.644	-2526
0.069	0.467	4.66	-267.7	3.832	-42.14	4.266	-181.5	9.768	-2551
0.134	0.467	4.603	-265.2	3.772	-36.13	4.247	-180.8	10.1	-2587
0.217	0.467	4.519	-257.2	3.691	-25.7	4.24	-183.2	10.84	-2587
0.316	0.467	4.408	-236.2	3.605	-10.24	4.284	-200.4	12.25	-2479
0.410	0.467	4.248	-191.4	3.539	3.214	4.413	-255.8	13.85	-2266
0.490	0.467	4.039	-128.7	3.519	-6.832	4.595	-341.5	13.99	-2054
0.570	0.467	3.788	-55.79	3.555	-64.21	4.732	-434.2	10.58	-1845
0.650	0.467	3.509	5.996	3.596	-151.5	4.803	-509.8	5.814	-1632
0.730	0.467	3.197	27.06	3.469	-206	4.706	-510.2	3.266	-1424
0.810	0.467	2.832	2.313	3.074	-196.4	4.08	-367.3	2.935	-1213
0.890	0.467	2.419	-32.02	2.542	-160	2.981	-102.7	3.873	-849.8
0.970	0.467	2.024	-40.64	2.092	-144.4	2.061	128.3	5.039	-30.35
1.050	0.467	1.765	-7.183	1.882	-166	1.643	154.7	5.935	1311
1.130	0.467	1.756	53.01	1.992	-203.6	1.69	-23.48	7.367	2482
1.210	0.467	2.096	89.16	2.43	-209.5	2.111	-232.8	9.483	2255
1.290	0.467	2.892	53.97	3.125	-156.4	2.739	-296	11.86	-56.86
1.370	0.467	4.06	-39.84	3.901	-66.22	3.342	-170.7	15.08	-3711
1.450	0.467	4.923	-118.5	4.442	5.582	3.717	1.167	16.06	-6897
1.530	0.467	4.807	-128.8	4.441	-7.726	4.055	-60.02	11.47	-7224
1.610	0.467	4.08	-88.56	3.952	-113.3	4.609	-436.8	9.068	-3794
1.690	0.467	3.492	-83.28	3.38	-210	4.587	-736.2	10.7	-62.4
1.770	0.467	3.427	-163.2	3.192	-223.2	3.725	-616.1	9.716	-110.6
1.850	0.467	3.824	-238.5	3.532	-211.3	3.431	-347.1	6.714	-3306
1.930	0.467	3.941	-205.8	3.793	-187	3.945	-286.6	6.619	-5262
2.010	0.467	3.097	-115	3.076	-78.11	3.573	-326.2	5.062	-3577
2.090	0.467	2.201	-60.82	2.209	13.58	2.361	-337.5	1.548	-988.5
2.170	0.467	1.978	-64.16	2.043	-18.16	1.909	-389.9	0.7032	-409.6
2.250	0.467	2.365	-81.46	2.506	-82.47	2.219	-387	1.156	-1066
2.340	0.467	3.153	-73	3.371	-92.44	2.941	-243.5	3.261	-1366
2.425	0.467	3.942	-47.24	4.202	-65.63	3.614	-73.57	6.627	-1136
2.480	0.467	4.342	-33.46	4.606	-51.3	3.912	6.501	8.404	-971.1
0.020	0.493	4.505	-270.5	3.686	-36.84	4.107	-179.1	9.033	-2712
0.069	0.493	4.464	-269.7	3.643	-33.33	4.079	-177.8	9.085	-2741
0.134	0.493	4.384	-266.3	3.562	-25.57	4.03	-175.3	9.281	-2769
0.217	0.493	4.274	-255.8	3.454	-11.98	3.982	-174.5	9.864	-2716
0.316	0.493	4.146	-229.9	3.348	9.121	3.988	-189.5	11.27	-2469
0.410	0.493	3.985	-180.5	3.274	31.47	4.118	-251.9	13.38	-2069
0.490	0.493	3.794	-115.6	3.264	28.21	4.327	-348.5	14.27	-1683
0.570	0.493	3.592	-38.14	3.342	-34.35	4.469	-449.5	10.52	-1252
0.650	0.493	3.409	32.11	3.482	-133.4	4.61	-550.7	4.892	-771.1
0.730	0.493	3.242	54.79	3.477	-180	4.782	-592	2.329	-360
0.810	0.493	3.041	16.38	3.186	-140.8	4.421	-469.6	2.325	-114.9
0.890	0.493	2.75	-34.94	2.735	-88.24	3.286	-182.5	4.176	152.4
0.970	0.493	2.377	-58.11	2.323	-89.8	2.226	84.88	6.852	813.5
1.050	0.493	2.047	-31.39	2.099	-144.5	1.737	107.5	8.493	1873
1.130	0.493	1.918	34.02	2.134	-196.9	1.772	-105.7	9.632	2621
1.210	0.493	2.087	84.01	2.391	-186.9	2.17	-326.5	9.722	2184
1.290	0.493	2.631	66.32	2.784	-114.7	2.657	-361.4	8.705	341.3
1.370	0.493	3.488	-4.254	3.271	-31.54	3.018	-185.1	9.171	-2315
1.450	0.493	4.117	-56.93	3.736	11.29	3.192	38.64	9.376	-5447
1.530	0.493	3.97	-70.27	3.868	-28.65	3.48	-16.16	5.405	-7774
1.610	0.493	3.307	-57.96	3.428	-122.2	4.014	-431.9	3.6	-6426
1.690	0.493	2.698	-57.87	2.698	-153.6	3.691	-706.6	5.863	-2137
1.770	0.493	2.515	-105.8	2.347	-106.5	2.63	-474	8.06	507.3
1.850	0.493	2.877	-151.9	2.692	-123.9	2.457	-163.9	5.944	-872
1.930	0.493	3.344	-123.7	3.389	-203.2	3.406	-203.4	5.867	-3010
2.010	0.493	2.973	-56.73	3.187	-145.5	3.546	-336.8	5.461	-1815
2.090	0.493	2.234	-26.47	2.402	-19.06	2.423	-369	2.011	135.6
2.170	0.493	2.003	-46.34	2.18	-13.53	1.937	-415.4	0.9525	-107.8
2.250	0.493	2.33	-71.35	2.583	-75.52	2.203	-415.7	1.568	-1040
2.340	0.493	3.023	-67.46	3.35	-92.49	2.881	-279.4	4.36	-1244
2.425	0.493	3.716	-45.79	4.055	-69.12	3.513	-109.8	8.317	-959.6
2.480	0.493	4.072	-33.83	4.396	-56.12	3.791	-29.52	10.07	-786
0.007	0.520	4.422	-271.6	3.607	-33.31	4.029	-177.9	8.74	-2800
0.050	0.520	4.386	-271	3.57	-30.46	4.002	-176.6	8.748	-2825
0.109	0.520	4.305	-268.2	3.489	-23.21	3.944	-173.7	8.829	-2859
0.186	0.520	4.189	-259.1	3.373	-10.01	3.872	-170.4	9.189	-2821
0.280	0.520	4.053	-235.3	3.25	11.66	3.835	-177.5	10.28	-2568
0.383	0.520	3.895	-188.8	3.158	39.79	3.926	-230.1	12.41	-2107
0.463	0.520	3.71	-126.9	3.129	50.29	4.133	-325	14.3	-1656
0.543	0.520	3.52	-50.53	3.195	-0.1102	4.271	-423.3	11.82	-1161
0.623	0.520	3.368	28.95	3.369	-106.5	4.382	-534	5.586	-567.1
0.703	0.520	3.269	68.05	3.473	-171.4	4.679	-621.6	2.206	-12.33
0.783	0.520	3.175	34.69	3.302	-132.1	4.688	-566	1.842	308
0.863	0.520	3.001	-26.21	2.93	-60.3	3.739	-308	3.515	493.5
0.943	0.520	2.681	-66.99	2.53	-48.58	2.534	6.753	6.872	949.6
1.023	0.520	2.299	-59.03	2.253	-108.9	1.858	106.9	9.234	1808
1.103	0.520	2.045	0.3837	2.189	-179.6	1.761	-73.61	10.49	2486
1.183	0.520	2.039	66.56	2.313	-185.3	2.077	-318.4	10.17	2245
1.263	0.520	2.353	77.31	2.537	-119.6	2.501	-400.7	7.683	887.2
1.343	0.520	2.991	26.77	2.852	-38.13	2.794	-257.3	6.685	-982.1
1.423	0.520	3.586	-17.36	3.243	7.605	2.882	-0.6506	7.227	-3543
1.503	0.520	3.605	-37.71	3.507	-24.91	3.045	52.48	4.377	-6996
1.583	0.520	3.098	-43.74	3.299	-112.9	3.579	-300.3	2.211	-8104
1.663	0.520	2.487	-42.57	2.587	-135.5	3.495	-641	3.361	-4635
1.743	0.520	2.151	-62.45	2.045	-54.27	2.399	-465.7	6.586	-97.78
1.823	0.520	2.317	-95.69	2.15	-37.88	1.945	-91.16	5.621	706.7
1.903	0.520	2.873	-88.96	2.891	-167.8	2.731	-89.79	4.987	-1581
1.983	0.520	2.949	-42.22	3.228	-197.3	3.466	-283	5.912	-1508
2.063	0.520	2.363	-12.89	2.615	-65.52	2.65	-355.8	3.079	314.7
2.143	0.520	2.026	-30.35	2.242	-5.902	2.008	-402	1.277	217.5
2.223	0.520	2.209	-60.92	2.487	-57.02	2.103	-431.9	1.554	-843.6
2.307	0.520	2.784	-66.59	3.142	-92.14	2.673	-334.6	3.934	-1184
2.402	0.520	3.463	-49.4	3.833	-76.78	3.325	-162.9	8.149	-934.1
2.467	0.520	3.888	-35.76	4.237	-61.09	3.681	-59.92	10.57	-718
0.033	0.520	4.41	-271.4	3.595	-32.36	4.02	-177.4	8.743	-2808
0.088	0.520	4.351	-270	3.535	-27.41	3.977	-175.4	8.776	-2843
0.159	0.520	4.251	-264.7	3.435	-17.41	3.909	-171.9	8.965	-2853
0.247	0.520	4.123	-249.5	3.311	-0.3397	3.847	-171.8	9.619	-2727
0.352	0.520	3.979	-215.1	3.2	25.34	3.862	-196.1	11.23	-2352
0.437	0.520	3.807	-159	3.135	48.99	4.02	-273.9	13.52	-1864
0.517	0.520	3.617	-89.98	3.149	35.22	4.226	-377.3	13.74	-1412
0.597	0.520	3.44	-9.786	3.27	-47.12	4.332	-478.7	8.716	-869
0.677	0.520	3.313	55.97	3.445	-148.8	4.51	-584.5	3.475	-271.3
0.757	0.520	3.224	61.13	3.43	-165.8	4.756	-615.5	1.768	183.4
0.837	0.520	3.101	4.463	3.131	-96.12	4.319	-457.9	2.35	408.5
0.917	0.520	2.857	-51.45	2.723	-45.29	3.105	-145.1	5.143	682.8
0.997	0.520	2.489	-70	2.372	-72.35	2.121	92.51	8.462	1352
1.077	0.520	2.148	-34.25	2.196	-147.2	1.748	44	9.925	2218
1.157	0.520	2.008	35.96	2.231	-192.2	1.878	-203.6	10.42	2502
1.237	0.520	2.155	80.7	2.413	-157	2.292	-385.8	8.971	1673
1.317	0.520	2.639	57.7	2.68	-75.27	2.664	-350.2	6.905	-26.56
1.397	0.520	3.331	0.5354	3.051	-9.378	2.858	-127.5	6.853	-2200
1.477	0.520	3.686	-29.64	3.419	0.8116	2.941	69.09	6.122	-5316
1.557	0.520	3.388	-42.3	3.468	-65.6	3.278	-83.36	2.982	-8063
1.637	0.520	2.771	-44.39	2.961	-138.1	3.682	-512.5	2.325	-6813
1.717	0.520	2.266	-48.69	2.255	-103.9	2.979	-625	4.996	-2128
1.797	0.520	2.169	-79.13	2.013	-30.34	2.041	-262.9	6.864	967.1
1.877	0.520	2.578	-98.63	2.471	-93.78	2.183	-29.7	4.96	-265.3
1.957	0.520	3.028	-66.83	3.202	-208.4	3.267	-188.4	5.364	-2036
2.037	0.520	2.693	-22.63	2.991	-141.6	3.199	-340.6	4.828	-629.9
2.117	0.520	2.128	-17.39	2.348	-15.72	2.228	-374.7	1.894	545.5
2.197	0.520	2.048	-47.41	2.281	-22.31	1.966	-423	1.215	-346.3
2.277	0.520	2.454	-68.22	2.773	-81.54	2.345	-400.3	2.401	-1151
2.373	0.520	3.134	-59.64	3.508	-88.5	3.023	-248.2	6.098	-1099
2.448	0.520	3.723	-41.19	4.084	-67.06	3.554	-98.7	9.817	-802.9
2.493	0.520	3.973	-33.02	4.316	-58.05	3.746	-40.39	10.96	-675.3
0.020	0.547	4.341	-272.5	3.529	-29.79	3.952	-176.6	8.456	-2886
0.069	0.547	4.287	-271.6	3.475	-25.72	3.909	-174.8	8.426	-2924
0.134	0.547	4.184	-267.8	3.373	-16.71	3.83	-170.8	8.451	-2958
0.217	0.547	4.044	-255.3	3.235	-0.8012	3.733	-166.4	8.778	-2873
0.316	0.547	3.89	-223.7	3.098	25.77	3.683	-176.9	9.963	-2489
0.410	0.547	3.711	-168.8	3.003	60.33	3.803	-248.7	12.41	-1928
0.490	0.547	3.508	-106	2.989	66.72	4.028	-352.9	14.32	-1505
0.570	0.547	3.32	-26.85	3.088	-12.75	4.05	-430.4	10.57	-954.3
0.650	0.547	3.216	55.94	3.331	-148.3	4.094	-544.1	3.921	-254.1
0.730	0.547	3.208	80.37	3.434	-189.6	4.544	-645.5	1.392	355.8
0.810	0.547	3.226	14.2	3.227	-95.17	4.633	-573.8	1.647	623.8
0.890	0.547	3.139	-54.65	2.9	-5.806	3.546	-276.8	4.414	726.9
0.970	0.547	2.827	-91.83	2.563	-15.54	2.366	48.73	8.333	1144
1.050	0.547	2.4	-75.43	2.315	-103.6	1.797	86.75	9.424	1896
1.130	0.547	2.108	-6.169	2.242	-178.3	1.795	-153.1	10.32	2201
1.210	0.547	2.054	62.98	2.295	-163	2.152	-375.6	9.411	1625
1.290	0.547	2.297	68.42	2.402	-90.9	2.469	-396.2	5.667	350.5
1.370	0.547	2.823	18.83	2.607	-27.67	2.622	-210.8	4.512	-841.6
1.450	0.547	3.187	1.054	2.882	0.2598	2.563	53.28	5.209	-2998
1.530	0.547	3.024	-18.28	3.059	-57.76	2.702	37.22	2.468	-7125
1.610	0.547	2.559	-35.39	2.846	-148.2	3.289	-382.3	1.167	-8646
1.690	0.547	2.058	-26.39	2.151	-107.4	2.918	-596.8	2.921	-4529
1.770	0.547	1.795	-29.41	1.689	36.5	1.77	-217.3	6.11	792.1
1.850	0.547	2.001	-45.26	1.872	29.02	1.545	138.3	3.84	1365
1.930	0.547	2.586	-38.35	2.695	-175.3	2.581	-39.82	3.902	-1534
2.010	0.547	2.631	-13.47	2.973	-199.9	3.135	-275.1	6.086	-885.4
2.090	0.547	2.132	-5.741	2.372	-38.05	2.272	-319	3.07	767.3
2.170	0.547	1.981	-35.27	2.201	-1.393	1.933	-388.7	1.472	-165.9
2.250	0.547	2.302	-62.94	2.623	-71.37	2.224	-425.1	2.34	-1139
2.340	0.547	2.921	-60.62	3.317	-95.56	2.845	-300.5	5.803	-1075
2.425	0.547	3.537	-42.77	3.914	-74.12	3.416	-133.5	9.85	-736.2
2.480	0.547	3.854	-32.84	4.203	-62.16	3.665	-56.09	11.32	-571.8
0.020	0.573	4.194	-274.3	3.39	-23.68	3.812	-174.6	7.912	-3049
0.069	0.573	4.128	-273.5	3.326	-19.28	3.755	-172.5	7.795	-3098
0.134	0.573	4.002	-269.5	3.202	-9.587	3.644	-167.4	7.635	-3147
0.217	0.573	3.832	-255.4	3.035	7.813	3.497	-159.6	7.671	-3042
0.316	0.573	3.644	-218	2.862	39.44	3.384	-166	8.523	-2537
0.410	0.573	3.428	-158.4	2.736	87.6	3.481	-248.3	11.02	-1875
0.490	0.573	3.183	-104.4	2.709	102	3.697	-350.8	13.83	-1568
0.570	0.573	2.978	-28.91	2.812	-7.397	3.511	-365.8	10.51	-1007
0.650	0.573	2.932	67.24	3.143	-198.1	3.36	-469.9	3.127	-173
0.730	0.573	3.082	92.51	3.317	-234.5	3.991	-638.5	0.7959	590.5
0.810	0.573	3.354	-10.25	3.18	-69.65	4.599	-648.1	1.169	865
0.890	0.573	3.556	-88.73	3.038	69.12	3.733	-378.1	4.6	746.3
0.970	0.573	3.358	-132.1	2.824	64.62	2.54	0.8977	8.579	826.5
1.050	0.573	2.805	-127.2	2.53	-47.46	1.879	76.1	7.612	1262
1.130	0.573	2.311	-61.71	2.302	-145.8	1.773	-160	8.519	1157
1.210	0.573	1.998	22.22	2.139	-139.1	2.023	-360.2	8.53	603.4
1.290	0.573	1.947	51.5	2.027	-92.08	2.164	-380	3.558	-58.41
1.370	0.573	2.203	16.75	2.026	-59.52	2.201	-234.2	2.016	243.1
1.450	0.573	2.355	36.41	2.091	-23.52	1.979	38.82	3.037	-328.3
1.530	0.573	2.189	11.71	2.217	-83.78	1.942	79.54	1.335	-5403
1.610	0.573	1.929	-22.16	2.254	-181.8	2.501	-295.3	0.4207	-9616
1.690	0.573	1.59	10.8	1.748	-87.4	2.265	-423.6	1.597	-6338
1.770	0.573	1.307	48.11	1.265	149.1	1.223	76.37	4.409	794.8
1.850	0.573	1.363	54.69	1.276	187.4	0.9467	448.1	1.938	2911
1.930	0.573	1.873	33.58	1.963	-114.6	1.782	141.1	2.084	-1035
2.010	0.573	2.143	8.375	2.473	-227.2	2.448	-160.8	6.83	-932.7
2.090	0.573	1.898	-1.77	2.101	-44.15	1.936	-199.2	5.293	754.2
2.170	0.573	1.907	-32.92	2.09	10.55	1.896	-314.2	2.556	-590.7
2.250	0.573	2.286	-57.68	2.618	-72.46	2.29	-412.1	3.788	-1368
2.340	0.573	2.862	-53.67	3.281	-102.5	2.847	-306.3	7.73	-895.3
2.425	0.573	3.407	-38.09	3.788	-81.17	3.323	-143.9	10.94	-476.5
2.480	0.573	3.684	-30.2	4.033	-69.6	3.534	-72.34	11.84	-329.6
0.007	0.600	4.131	-275.2	3.331	-21.17	3.752	-173.9	7.673	-3122
0.050	0.600	4.078	-274.8	3.279	-17.83	3.704	-172.4	7.552	-3167
0.109	0.600	3.956	-272.1	3.161	-9.396	3.593	-167.9	7.315	-3235
0.186	0.600	3.78	-261	2.989	6.019	3.43	-159.5	7.135	-3191
0.280	0.600	3.577	-227.6	2.794	34.55	3.262	-155.9	7.506	-2747
0.383	0.600	3.348	-167.9	2.635	86.16	3.281	-223.1	9.419	-2006
0.463	0.600	3.08	-120.8	2.58	121.6	3.519	-334.9	12.68	-1735
0.543	0.600	2.837	-60.02	2.634	34.27	3.341	-315	12.1	-1296
0.623	0.600	2.757	41.33	2.954	-184.3	2.972	-362.4	4.383	-474.6
0.703	0.600	2.918	99.56	3.213	-281.2	3.402	-552.4	0.8191	415.3
0.783	0.600	3.282	0.2584	3.154	-124.1	4.359	-667.8	0.7909	872.5
0.863	0.600	3.699	-89.08	3.13	63.84	4.077	-515.6	3.411	722.1
0.943	0.600	3.727	-135.4	3.047	108.5	2.954	-123.7	7.996	505.7
1.023	0.600	3.184	-150.5	2.746	14.49	2.107	76.08	6.476	793.9
1.103	0.600	2.565	-108.8	2.404	-105.1	1.767	-89.2	6.554	583.5
1.183	0.600	2.072	-27.4	2.119	-130.2	1.884	-295.2	8.902	185.3
1.263	0.600	1.806	34.63	1.915	-106.7	1.983	-358.2	3.972	-322.9
1.343	0.600	1.906	5.332	1.828	-96.62	2.053	-295.6	1.415	181.6
1.423	0.600	2.036	36.04	1.788	-44.2	1.862	-65.01	2.262	1251
1.503	0.600	1.906	27.65	1.813	-69.04	1.612	94.38	1.689	-2437
1.583	0.600	1.737	-16.69	1.999	-184.2	1.997	-160.3	0.3296	-8657
1.663	0.600	1.513	11.91	1.751	-138.3	2.149	-358.9	0.8124	-8264
1.743	0.600	1.22	62.72	1.247	102.7	1.284	39.94	3.651	-1332
1.823	0.600	1.116	91.35	1.05	263.4	0.777	511.2	1.781	3320
1.903	0.600	1.455	73.65	1.464	13.51	1.234	304.5	1.195	-120
1.983	0.600	1.866	18.14	2.122	-227.5	2.039	-59.91	5.306	-1658
2.063	0.600	1.798	-2.553	1.989	-93.1	1.819	-117.7	8.382	376.3
2.143	0.600	1.822	-26.87	1.944	17.42	1.826	-217.8	3.852	-537.4
2.223	0.600	2.171	-51.83	2.443	-53.24	2.221	-378.9	4.204	-1521
2.307	0.600	2.694	-51.99	3.102	-105.7	2.71	-339.7	7.482	-964
2.402	0.600	3.233	-38.37	3.619	-90.85	3.171	-179.5	10.53	-418.8
2.467	0.600	3.561	-29.77	3.909	-75.84	3.428	-90.37	11.67	-226.6
0.033	0.600	4.113	-275.1	3.314	-20.05	3.736	-173.4	7.632	-3137
0.088	0.600	4.025	-273.8	3.228	-14.27	3.656	-170.5	7.445	-3200
0.159	0.600	3.874	-268	3.081	-2.643	3.517	-164.1	7.209	-3235
0.247	0.600	3.681	-247.9	2.893	18.3	3.343	-155.9	7.228	-3032
0.352	0.600	3.469	-200.2	2.708	57.69	3.238	-175.9	8.236	-2376
0.437	0.600	3.22	-140	2.59	110.4	3.381	-279.7	11.02	-1779
0.517	0.600	2.952	-92.98	2.587	99.72	3.516	-352.4	13.24	-1591
0.597	0.600	2.77	-13.28	2.753	-64.98	3.139	-319	8.238	-919.5
0.677	0.600	2.807	81.77	3.134	-264.8	3.056	-447.6	1.884	-10.76
0.757	0.600	3.082	70.82	3.225	-228.3	3.897	-633.5	0.5864	717.7
0.837	0.600	3.501	-59.83	3.104	-12.14	4.44	-623.9	1.551	854.6
0.917	0.600	3.79	-117.9	3.103	106	3.482	-327.1	6.268	606.9
0.997	0.600	3.519	-149.9	2.932	70.25	2.461	23.15	8.016	599.1
1.077	0.600	2.856	-134.8	2.581	-54.51	1.89	23.65	6.029	795.2
1.157	0.600	2.292	-66.87	2.256	-134	1.799	-209.4	7.589	378.4
1.237	0.600	1.902	12.56	1.995	-114.9	1.955	-342.8	6.838	-115.8
1.317	0.600	1.803	29.58	1.839	-96.98	1.991	-335	2.205	-189.2
1.397	0.600	1.986	9.167	1.804	-80.27	1.982	-194.3	1.439	890
1.477	0.600	2.002	46.27	1.798	-40.92	1.707	51.5	2.425	65.55
1.557	0.600	1.818	1.298	1.906	-122.3	1.741	10.43	0.7588	-5871
1.637	0.600	1.631	-17.03	1.938	-192.6	2.203	-314.6	0.3387	-9572
1.717	0.600	1.356	45.44	1.476	-23.35	1.739	-223.1	2.099	-5126
1.797	0.600	1.127	85.84	1.091	222.4	0.9233	342.6	3.41	2036
1.877	0.600	1.229	85.28	1.175	178.6	0.8691	497.9	1.145	2469
1.957	0.600	1.717	44	1.852	-157.3	1.753	73.27	2.148	-1839
2.037	0.600	1.895	2.024	2.172	-197.4	2.047	-131.3	8.859	-719.8
2.117	0.600	1.761	-13.55	1.89	-7.335	1.726	-148.4	5.999	354
2.197	0.600	1.955	-42.27	2.125	-2.818	1.997	-307.4	3.486	-1276
2.277	0.600	2.424	-56.03	2.778	-90.75	2.475	-388.8	5.636	-1406
2.373	0.600	2.977	-45.62	3.386	-103.1	2.958	-258.2	9.288	-637
2.448	0.600	3.434	-32.99	3.797	-81.42	3.333	-122.4	11.36	-284.8
2.493	0.600	3.627	-28.16	3.967	-73.04	3.477	-74.3	11.82	-197.8
0.020	0.627	4.069	-275.9	3.274	-18.62	3.693	-173.3	7.441	-3194
0.069	0.627	3.993	-275.5	3.2	-14.11	3.623	-171.3	7.241	-3260
0.134	0.627	3.845	-272.2	3.057	-4.347	3.483	-166.2	6.895	-3343
0.217	0.627	3.64	-258	2.859	12.85	3.285	-156.5	6.602	-3261
0.316	0.627	3.41	-214.2	2.64	46.16	3.083	-155.3	6.917	-2635
0.410	0.627	3.137	-147.4	2.475	108.9	3.147	-257	8.983	-1857
0.490	0.627	2.82	-125.9	2.459	132	3.44	-363.8	12.07	-1975
0.570	0.627	2.569	-70.38	2.545	-19	2.954	-196.9	10.85	-1347
0.650	0.627	2.564	47.61	2.989	-286	2.512	-261.1	3.146	-447.7
0.730	0.627	2.851	90.67	3.103	-308	3.198	-490.5	0.5236	443.7
0.810	0.627	3.376	-78.63	3.007	-80.37	4.24	-609	1.137	802.6
0.890	0.627	3.97	-108.5	3.312	66.2	3.821	-471.5	5.717	463.4
0.970	0.627	3.935	-129.9	3.335	85.09	3.041	-80.64	8.005	-8.623
1.050	0.627	3.169	-134	2.856	-12.27	2.242	55.86	4.032	360.9
1.130	0.627	2.514	-103.4	2.344	-104.4	1.773	-129.4	4.77	-358.9
1.210	0.627	1.953	-43.4	1.95	-97.48	1.798	-259.2	8.849	-541.5
1.290	0.627	1.637	13.94	1.758	-116.3	1.766	-297.7	2.653	-637.9
1.370	0.627	1.803	-42.97	1.734	-144.5	1.969	-285.3	0.8181	253.2
1.450	0.627	1.866	36.76	1.629	-36.22	1.748	-65.29	2.915	1887
1.530	0.627	1.653	-10.41	1.566	-84.32	1.432	45.73	1.709	-2524
1.610	0.627	1.556	-38.75	1.821	-221.7	1.829	-226.9	0.2367	-8770
1.690	0.627	1.408	40.99	1.594	-109.5	1.825	-267.7	1.672	-6977
1.770	0.627	1.141	62.45	1.16	123	1.081	215.5	4.801	459.9
1.850	0.627	1.048	76.45	0.9894	233.1	0.724	473.7	0.9565	3326
1.930	0.627	1.429	61.06	1.46	-74.1	1.399	79.96	1.02	-2361
2.010	0.627	1.719	-11.49	1.947	-230.8	1.81	-117.1	9.205	-2066
2.090	0.627	1.611	-21.12	1.668	-27.94	1.512	-43.46	10.35	325.2
2.170	0.627	1.857	-42.46	1.899	17.47	1.958	-199.7	4.212	-1628
2.250	0.627	2.349	-55.34	2.625	-87.72	2.467	-374.5	5.914	-1834
2.340	0.627	2.85	-43.8	3.241	-116.7	2.83	-285.4	8.63	-618.8
2.425	0.627	3.317	-31.17	3.666	-90.76	3.2	-138.8	10.4	-164.6
2.480	0.627	3.555	-26.19	3.88	-78.63	3.388	-79.93	11.15	-73.17
0.020	0.653	3.966	-277.4	3.177	-14.61	3.594	-172.6	7.036	-3320
0.069	0.653	3.88	-277.5	3.096	-10.21	3.512	-171.1	6.755	-3408
0.134	0.653	3.711	-275.5	2.935	-1.024	3.346	-166.9	6.234	-3538
0.217	0.653	3.472	-262.5	2.708	14.41	3.097	-157.1	5.629	-3504
0.316	0.653	3.192	-213.1	2.441	46.39	2.804	-150.5	5.418	-2782
0.410	0.653	2.843	-142.2	2.237	118.7	2.821	-276.2	6.679	-1933
0.490	0.653	2.443	-175.7	2.262	139	3.199	-374.9	8.964	-2617
0.570	0.653	2.153	-151.2	2.329	-51.29	2.449	62.77	10.45	-1748
0.650	0.653	2.185	-8.724	2.853	-359.5	1.854	48.23	3.967	-877.2
0.730	0.653	2.569	64.49	2.774	-345.8	2.459	-198.1	0.5531	49.86
0.810	0.653	3.288	-173.2	2.794	-136.8	3.534	-401.8	1.826	542.9
0.890	0.653	4.297	-89.14	3.909	-76.83	3.777	-492.7	7.422	96.97
0.970	0.653	4.409	-62.08	4.309	-13.76	4.166	-197.6	6.915	-1126
1.050	0.653	3.337	-62.89	3.337	-32.27	3.181	6.001	1.825	-475.2
1.130	0.653	2.631	-99.72	2.374	-58.56	1.889	-69.18	1.953	-1965
1.210	0.653	1.919	-126.2	1.761	-34.35	1.558	-106	8.94	-1607
1.290	0.653	1.431	-42.66	1.616	-141.8	1.402	-172.4	2.453	-1129
1.370	0.653	1.663	-146.6	1.742	-240.9	1.94	-329.6	0.408	-861.1
1.450	0.653	1.744	-8.162	1.542	-22.7	1.923	-208.5	4.76	2513
1.530	0.653	1.446	-87.39	1.226	-56.5	1.243	-47.27	5.252	289.1
1.610	0.653	1.449	-83.1	1.566	-238.8	1.391	-192.8	0.3175	-6292
1.690	0.653	1.497	43.23	1.634	-145.6	1.6	-208.2	3.71	-6061
1.770	0.653	1.269	-24.41	1.332	-47.45	1.314	56.85	7.806	109.9
1.850	0.653	1.016	-23.37	0.9722	92.39	0.8198	62.88	0.7047	2631
1.930	0.653	1.259	29.57	1.229	-89.51	1.38	-282.3	0.6545	-4421
2.010	0.653	1.44	-56.35	1.541	-207.4	1.363	-189.3	11.5	-3510
2.090	0.653	1.375	-51.85	1.283	-9.989	1.19	75.61	16.07	-323.5
2.170	0.653	1.887	-60.05	1.737	4.469	2.173	-87.88	5.735	-2881
2.250	0.653	2.534	-56.3	2.675	-114.5	2.785	-311.9	8.269	-2444
2.340	0.653	2.917	-33.06	3.227	-137.3	2.83	-240.2	8.306	-327.2
2.425	0.653	3.275	-22.24	3.566	-103.2	3.065	-119.8	8.626	185.5
2.480	0.653	3.465	-20.61	3.752	-89.07	3.236	-78.71	9.514	197.8
0.007	0.680	3.928	-278	3.141	-13.13	3.557	-172.5	6.881	-3369
0.050	0.680	3.859	-278.4	3.077	-9.891	3.492	-171.6	6.645	-3445
0.109	0.680	3.702	-277.9	2.929	-2.203	3.337	-168.9	6.112	-3594
0.186	0.680	3.464	-270.4	2.706	10.41	3.091	-162.1	5.392	-3673
0.280	0.680	3.171	-232	2.425	33.82	2.756	-148.7	4.805	-3159
0.383	0.680	2.805	-147.2	2.156	98.93	2.596	-238	5.238	-1991
0.463	0.680	2.378	-186.9	2.175	139.7	3.031	-428.6	6.665	-2760
0.543	0.680	2.056	-212.3	2.21	3.521	2.55	54	8.999	-2126
0.623	0.680	2.002	-91.89	2.698	-300.3	1.751	236.6	6.363	-1122
0.703	0.680	2.312	61.37	2.644	-334.8	1.998	-2.546	1.053	-299.2
0.783	0.680	2.961	-164.5	2.546	-199.6	2.878	-162.3	1.557	308.1
0.863	0.680	4.089	-122.7	3.867	-197.2	3.516	-435.7	6.927	571.3
0.943	0.680	4.622	0.0195	5.025	-147.1	4.517	-349.7	7.646	-1606
1.023	0.680	3.515	-12.21	3.889	-69.4	4.537	-60.14	2.295	-425.1
1.103	0.680	2.765	-25.3	2.636	-40.86	2.294	-38.65	0.8542	-2223
1.183	0.680	2.152	-190.7	1.816	5.323	1.602	-38.17	6.381	-2280
1.263	0.680	1.445	-48.02	1.589	-82.92	1.265	-64.85	4.532	-1039
1.343	0.680	1.611	-195.6	1.833	-282.2	1.753	-290.9	0.3908	-1865
1.423	0.680	1.904	-58.4	1.89	-78.96	2.496	-330.6	2.429	994
1.503	0.680	1.543	-97.22	1.222	12.59	1.457	-141.4	17.16	2324
1.583	0.680	1.465	-146.2	1.41	-208.4	1.237	-142.3	0.7432	-3367
1.663	0.680	1.636	32.79	1.687	-146.6	1.443	-186.7	2.723	-5504
1.743	0.680	1.581	-61.61	1.642	-152.4	1.682	-113.7	12.3	-1736
1.823	0.680	1.203	-145.1	1.195	-86.48	1.185	-215.9	1.535	1940
1.903	0.680	1.213	0.4102	1.135	-61.78	1.339	-509.9	0.4822	-3208
1.983	0.680	1.382	-61.58	1.417	-177.5	1.379	-352	5.291	-5142
2.063	0.680	1.275	-68.15	1.189	-49.46	1.004	54.74	20.1	-566.4
2.143	0.680	1.755	-67.12	1.509	1.212	1.995	21.3	6.551	-2705
2.223	0.680	2.552	-60.57	2.501	-103.3	2.952	-228.5	8.318	-3235
2.307	0.680	2.896	-32.18	3.131	-152.8	2.822	-242.2	7.929	-600.3
2.402	0.680	3.19	-18.27	3.448	-117.7	2.932	-128.9	7.302	322.8
2.467	0.680	3.396	-17.62	3.661	-96.94	3.129	-83.33	8.421	340.1
0.033	0.680	3.905	-278.1	3.12	-12.05	3.535	-172.2	6.801	-3395
0.088	0.680	3.791	-278.3	3.013	-6.602	3.425	-170.5	6.411	-3513
0.159	0.680	3.591	-275.5	2.825	3.458	3.225	-166.1	5.765	-3653
0.247	0.680	3.323	-256.5	2.571	20.25	2.932	-155.4	5.062	-3519
0.352	0.680	3.003	-191.9	2.281	60.36	2.627	-167.5	4.866	-2564
0.437	0.680	2.592	-144.6	2.122	133.6	2.767	-342.4	5.979	-2134
0.517	0.680	2.175	-221.7	2.201	98.4	2.975	-286.8	7.499	-2896
0.597	0.680	1.956	-166.4	2.342	-154.2	1.999	289.8	8.939	-1417
0.677	0.680	2.136	-0.6031	2.849	-378.9	1.725	98.08	2.914	-812.7
0.757	0.680	2.633	1.846	2.512	-258	2.516	-82.76	0.6775	141.3
0.837	0.680	3.496	-237.7	2.965	-154.1	3.279	-327.6	5.016	547
0.917	0.680	4.59	2.556	4.846	-212.9	3.861	-440.5	7.223	-431.2
0.997	0.680	4.268	-26.83	4.715	-82.29	5.238	-187.9	4.944	-1370
1.077	0.680	3.019	2.251	3.173	-64.8	3.213	-30.76	1.033	-923.7
1.157	0.680	2.443	-122.5	2.105	-15.36	1.771	-21.62	2.094	-2632
1.237	0.680	1.706	-132.4	1.596	-6.74	1.359	-40.44	8.385	-1604
1.317	0.680	1.393	-101.4	1.666	-209.6	1.376	-178.6	1.305	-1191
1.397	0.680	1.811	-161.8	1.921	-234.6	2.272	-363.3	0.4312	-1021
1.477	0.680	1.763	-30.61	1.522	46.18	1.969	-222	14.06	2643
1.557	0.680	1.446	-159.3	1.229	-111.4	1.256	-115.9	4.433	-179.9
1.637	0.680	1.555	-49.59	1.602	-214.7	1.316	-182.8	0.5506	-5342
1.717	0.680	1.657	19.15	1.715	-126.5	1.607	-151.8	11.79	-4370
1.797	0.680	1.38	-131.1	1.422	-137.1	1.506	-122.3	5.262	1037
1.877	0.680	1.122	-77.04	1.053	-34.06	1.047	-383.3	0.4867	404.9
1.957	0.680	1.369	-10.49	1.337	-144.8	1.662	-498.7	1.29	-6195
2.037	0.680	1.339	-79.04	1.352	-132.2	1.057	-124.2	18.73	-2146
2.117	0.680	1.404	-63.74	1.21	9.892	1.33	110.1	11.14	-1128
2.197	0.680	2.215	-66.49	2.021	-48.09	2.719	-124	6.184	-3588
2.277	0.680	2.796	-48.2	2.93	-143.1	2.94	-274.5	9.197	-1962
2.373	0.680	3.041	-21.41	3.299	-137.5	2.817	-177.4	6.971	149.8
2.448	0.680	3.314	-17.15	3.574	-104.3	3.04	-98.18	7.795	375.2
2.493	0.680	3.438	-17.88	3.706	-93.32	3.174	-76.06	8.758	321.5
0.020	0.707	3.889	-278.6	3.105	-11.63	3.52	-172.4	6.73	-3418
0.069	0.707	3.795	-279.2	3.017	-7.396	3.429	-171.5	6.388	-3527
0.134	0.707	3.608	-279.1	2.843	0.9653	3.244	-169.3	5.73	-3714
0.217	0.707	3.338	-270.7	2.595	13.33	2.96	-163.8	4.878	-3797
0.316	0.707	3.012	-221.4	2.284	36.61	2.568	-152	4.166	-3075
0.410	0.707	2.573	-125.1	2.005	109	2.434	-301.3	4.38	-1766
0.490	0.707	2.126	-243.8	2.14	97.9	2.885	-496.5	4.869	-3164
0.570	0.707	1.963	-215	2.157	-74.25	2.163	303.7	8.062	-1149
0.650	0.707	2.14	-73.68	2.956	-279.2	1.844	114.7	4.897	-857.4
0.730	0.707	2.451	70.02	2.312	-119.1	2.347	-0.7217	1.038	193.1
0.810	0.707	3.035	-281.2	2.547	-149.6	2.654	-95.11	6.029	209
0.890	0.707	4.27	37.67	4.931	-364.2	3.426	-357.5	4.801	840.5
0.970	0.707	4.219	-6.081	5.05	-185.6	5.257	-333.9	7.393	-2209
1.050	0.707	2.592	51.44	3.018	-127.3	3.777	-61.14	1.878	643.5
1.130	0.707	2.302	-5.699	2.116	-3.831	1.905	-16.54	0.7964	-2491
1.210	0.707	1.967	-227.7	1.664	34.75	1.558	-82.7	8.375	-1812
1.290	0.707	1.457	-10.31	1.773	-128	1.36	-83.2	3.138	-211.9
1.370	0.707	2.195	-223.9	2.367	-270.2	2.332	-310.7	0.2639	-2640
1.450	0.707	2.586	-12.22	2.657	58.56	3.375	-297.9	10.54	1145
1.530	0.707	1.881	-155.1	1.499	-41.52	1.767	-165.9	16.09	1538
1.610	0.707	1.932	-116.8	1.85	-196.2	1.474	-131.3	0.5703	-3444
1.690	0.707	2.21	38.21	2.129	-57.12	1.8	-147.3	12.96	-4285
1.770	0.707	2.159	-165.6	2.12	-199.3	2.405	-266.1	7.802	-307.6
1.850	0.707	1.641	-216.5	1.564	-180.2	1.652	-575.2	1.128	727
1.930	0.707	1.736	3.118	1.623	-107.5	2.306	-666.6	1.115	-4890
2.010	0.707	1.537	-85.93	1.557	-119.1	1.22	-281.1	9.016	-2791
2.090	0.707	1.379	-59.37	1.217	-19.94	1.196	95.41	9.059	-305.6
2.170	0.707	2.354	-68.04	2.074	-56.4	2.853	-82.46	4.384	-3122
2.250	0.707	3.039	-51.9	2.999	-138	3.183	-222.4	8.993	-2631
2.340	0.707	3.056	-14.22	3.249	-159	2.712	-172	5.287	335.6
2.425	0.707	3.267	-11.66	3.489	-115.4	2.91	-97.82	6.176	581.8
2.480	0.707	3.405	-15	3.652	-98.91	3.097	-76.14	7.768	441.3
0.020	0.733	3.836	-279.4	3.056	-9.675	3.468	-172.5	6.515	-3488
0.069	0.733	3.736	-280.8	2.963	-5.702	3.371	-172.4	6.126	-3618
0.134	0.733	3.534	-282.9	2.78	1.562	3.173	-172.9	5.362	-3863
0.217	0.733	3.24	-281	2.518	9.712	2.866	-174.6	4.322	-4092
0.316	0.733	2.873	-238.5	2.177	19.32	2.397	-167.6	3.246	-3473
0.410	0.733	2.35	-115.7	1.829	68.28	2.055	-338.3	2.586	-1468
0.490	0.733	1.915	-264.5	1.925	5.575	2.179	-650.4	2.515	-2663
0.570	0.733	2.237	-164.6	2.064	-69.77	2.158	168.8	6.35	179.8
0.650	0.733	2.884	-94.81	3.322	-40.27	2.971	-282.8	3.59	-433.7
0.730	0.733	2.636	61.95	2.072	274.8	2.898	-134.4	3.168	880.7
0.810	0.733	2.659	-256.7	2.458	-46.16	2.1	-39.72	16.25	-705.7
0.890	0.733	3.591	151	4.535	-378.4	3.225	-120.1	1.593	1968
0.970	0.733	2.968	-92.18	3.304	-129.2	3.426	-370.2	7.347	-2272
1.050	0.733	1.335	36.75	1.462	-197.3	1.686	-112.9	4.625	2819
1.130	0.733	1.466	80.9	1.443	6.211	1.511	-89.88	0.8381	-786.8
1.210	0.733	2.051	-236.7	1.847	-25.02	2.106	-372.3	5.202	-778.3
1.290	0.733	2.116	92.36	2.494	-76.97	2.266	-93.09	4.23	1127
1.370	0.733	4.313	-153.2	3.737	-96.83	3.173	-157.6	0.6239	-2881
1.450	0.733	6.175	11.51	7.381	120.9	6.507	-221.1	14.08	60.4
1.530	0.733	4.15	-79.48	3.774	-78.86	4.019	-210.6	6.976	85.61
1.610	0.733	4.233	-91.1	4.033	-96.87	3.253	-102.1	1.292	-1489
1.690	0.733	4.573	-17.5	4.362	10.33	3.692	-107.3	21.28	-2015
1.770	0.733	5.168	-110.9	4.509	-98.9	4.778	-361.1	3.057	-465.8
1.850	0.733	4.514	-214.4	4.207	-213.8	4.081	-480.8	3.293	-764.8
1.930	0.733	4.195	2.115	3.994	-72.78	5.41	-372.2	4.894	-1879
2.010	0.733	2.47	-71.99	2.473	-49.24	1.892	-274	3.775	-726.1
2.090	0.733	2.019	-30.39	1.922	-45.99	1.982	-24.07	1.828	-540.9
2.170	0.733	3.619	-54.3	3.542	-118.4	3.577	-243.8	2.641	-1216
2.250	0.733	3.891	-40.01	3.688	-134.5	3.385	-138.4	6.885	-1751
2.340	0.733	3.33	7.483	3.367	-177.1	2.574	-93.34	2.617	1206
2.425	0.733	3.305	-0.3577	3.455	-127	2.767	-74.76	4.072	1004
2.480	0.733	3.376	-9.401	3.586	-107.6	2.98	-71.47	6.192	658.4
0.007	0.760	3.823	-279.7	3.044	-9.187	3.456	-172.5	6.462	-3506
0.050	0.760	3.746	-280.8	2.973	-6.244	3.381	-172.6	6.158	-3609
0.109	0.760	3.565	-283.5	2.808	0.0243	3.204	-173.7	5.452	-3846
0.186	0.760	3.285	-285.4	2.56	7.111	2.918	-177.6	4.412	-4149
0.280	0.760	2.925	-272	2.249	9.659	2.508	-187.5	3.244	-4113
0.383	0.760	2.408	-113.3	1.781	39.02	1.867	-233.8	2.196	-1258
0.463	0.760	1.71	-172.7	1.619	42.37	1.898	-669.7	1.628	-2382
0.543	0.760	2.931	-208	2.274	-73.59	1.917	-202.8	12.88	487.9
0.623	0.760	3.935	-19.5	4.343	-112.7	5.484	-469.6	2.091	-186
0.703	0.760	2.891	-110	2.025	249.8	2.564	-300.1	8.952	1287
0.783	0.760	2.408	-51.62	2.408	152.7	2.146	-246.8	8.632	-347.2
0.863	0.760	2.67	39.24	2.967	-201.7	3.106	-249.2	1.966	1514
0.943	0.760	2.335	-141.9	2.089	194.6	2.242	-203.4	4.439	-1657
1.023	0.760	1.051	49.22	1.007	-133.7	0.8248	-146.4	1.77	2159
1.103	0.760	0.8165	-114.9	0.7145	-0.00674	0.7035	-165.9	2.809	684.6
1.183	0.760	2.381	-59.85	2.464	-120.7	2.812	-469	3.671	106.9
1.263	0.760	2.815	71.7	3.154	-60.48	3.765	-283.6	4.038	621.1
1.343	0.760	3.968	-133.1	3.099	-39.66	3.414	-117.9	2.804	-1893
1.423	0.760	9.424	87.85	8.75	95.17	6.574	-174.3	11.89	-13.98
1.503	0.760	7.494	-96.64	7.515	21.97	6.374	-184.7	2.491	-1876
1.583	0.760	6.871	-33.29	7.059	-79.22	5.85	-205.6	3.269	-3547
1.663	0.760	5.847	5.082	6.569	-126.3	6.808	-148.2	9.339	1323
1.743	0.760	7.45	-119.5	6.768	58.06	5.195	-105.9	1.743	-2443
1.823	0.760	8.4	47.61	8.225	-86.23	8.106	-296.6	12.98	-3241
1.903	0.760	7.729	-25.53	6.993	14.74	5.726	320.1	5.131	372.6
1.983	0.760	4.355	-53.16	4.355	-42.45	4.024	-136	4.446	-2014
2.063	0.760	2.695	-21.32	2.594	30.2	2.848	11.86	1.963	-1200
2.143	0.760	3.218	-34.24	3.602	-131.2	2.822	-325.6	1.733	-762.8
2.223	0.760	4.563	-34.1	4.349	-84.75	3.412	-124	4.48	-594.8
2.307	0.760	3.614	12.34	3.511	-190.5	2.596	-64.12	2.037	1250
2.402	0.760	3.338	9.173	3.422	-143.1	2.636	-65.25	2.758	1362
2.467	0.760	3.353	-5.177	3.536	-114.6	2.891	-69.43	5.163	818.2
0.033	0.760	3.797	-280.1	3.02	-8.205	3.431	-172.5	6.359	-3540
0.088	0.760	3.668	-282	2.902	-3.49	3.305	-173	5.848	-3712
0.159	0.760	3.436	-284.9	2.693	3.572	3.074	-175.3	4.958	-3999
0.247	0.760	3.111	-282.4	2.41	8.867	2.727	-181.9	3.817	-4216
0.352	0.760	2.697	-217.2	2.031	16.36	2.189	-190	2.682	-3131
0.437	0.760	2.115	-150.4	1.805	27.64	1.978	-503.1	1.777	-1767
0.517	0.760	1.849	-190.4	1.518	-67	1.36	-465.8	3.458	-671.3
0.597	0.760	2.577	-7.015	2.414	-32.22	3.354	-267.3	2.374	-361
0.677	0.760	4.66	-161.1	3.527	227	3.679	-394.9	13.54	136.1
0.757	0.760	2.917	47.63	2.886	199.8	3.274	-268.1	4.86	374.7
0.837	0.760	2.607	-146.5	2.636	-121.6	2.569	-217.7	7.976	71.25
0.917	0.760	3.315	-1.811	3.117	86	2.981	-55.9	3.18	976.2
0.997	0.760	1.727	-49.41	1.62	-114.1	1.418	-316.5	3.114	1238
1.077	0.760	0.6956	-158.9	0.6279	-100.8	0.6257	-217.8	4.725	2069
1.157	0.760	1.284	117.5	1.45	-76.36	1.64	-325.3	1.143	668.7
1.237	0.760	1.808	-85.81	1.772	-58.07	2.051	-367.9	2.299	655.1
1.317	0.760	4.206	-19.74	3.752	-38.85	3.749	-74.12	5.305	731.1
1.397	0.760	7.934	64.27	6.715	90.1	4.522	-133.8	3.835	-87.78
1.477	0.760	7.623	-102.7	8.966	26.67	6.89	-184.4	4.838	-419.3
1.557	0.760	5.896	41.5	6.256	-161.4	5.773	-284.8	3.559	-1295
1.637	0.760	7.219	-24.56	7.651	-85.56	7.41	-161.4	4.577	2315
1.717	0.760	6.874	-124.5	6.564	53.24	4.969	-94.8	7.349	-2610
1.797	0.760	7.185	137	6.733	-47.06	7.05	-285.6	6.597	-899.8
1.877	0.760	7.278	-99.45	6.794	-33.91	4.932	283.1	2.525	144.4
1.957	0.760	6.643	-29.6	7.074	-75.05	8.409	-203.6	10.22	-2415
2.037	0.760	2.937	-44.8	2.874	-4.985	2.743	-184.1	2.129	-433.2
2.117	0.760	3.513	-41.87	3.766	-112.6	3.209	-302.9	1.621	-1709
2.197	0.760	5.117	-51.6	4.945	-71.02	4.01	-183.3	5.904	-749.2
2.277	0.760	3.401	-23.15	3.335	-136.6	2.79	-64.96	5.189	-1004
2.373	0.760	3.417	19.46	3.411	-171.2	2.507	-65.22	1.765	1762
2.448	0.760	3.324	0.3285	3.471	-124.5	2.777	-68.2	4.044	1025
2.493	0.760	3.369	-7.99	3.57	-109.7	2.952	-70.2	5.85	713.1
0.020	0.787	3.809	-279.9	3.032	-8.695	3.443	-172.5	6.41	-3523
0.069	0.787	3.706	-281.6	2.937	-4.846	3.343	-172.9	5.998	-3664
0.134	0.787	3.498	-284.8	2.748	1.88	3.138	-174.8	5.185	-3940
0.217	0.787	3.191	-286.8	2.48	7.918	2.822	-181.2	4.064	-4258
0.316	0.787	2.815	-278.1	2.175	4.351	2.408	-208.9	2.889	-4266
0.410	0.787	2.261	-102.6	1.732	12.79	1.743	-322.2	1.69	-723.9
0.490	0.787	1.253	-11.36	0.9729	93.77	1.142	-440.7	1.598	-914.1
0.570	0.787	3.684	-144.4	3.206	80.02	3.53	-465.4	8.315	-518.8
0.650	0.787	10.31	-133.7	9.05	53.66	9.502	-322	41.86	955.4
0.730	0.787	3.086	-121.4	3.169	-148.5	2.948	-330.6	7.678	1604
0.810	0.787	2.337	-47.77	2.253	-21.41	2.52	-336.5	4.029	3065
0.890	0.787	2.629	-118	2.472	29.7	2.538	-378.9	8.543	2002
0.970	0.787	1.219	-14.36	1.182	-27.61	1.18	-264.4	1.95	2691
1.050	0.787	0.478	-39.39	0.4699	-12.32	0.447	-272.8	0.5522	585.4
1.130	0.787	0.6232	-35.5	0.6202	-16.29	0.5837	-289	1.487	1265
1.210	0.787	2.258	28.83	2.116	4.623	1.863	-119.9	2.398	1176
1.290	0.787	7.885	-64.55	7.399	9.509	7.24	-294.6	10.27	45.44
1.370	0.787	4.482	-1.972	4.847	-20.14	5.061	-328.4	9.745	14.41
1.450	0.787	6.87	-28.39	6.08	-87.13	7.351	-275	8.06	-1692
1.530	0.787	7.534	-66.69	7.227	6.9	7.861	-280.7	8.514	-3132
1.610	0.787	10.95	-60.61	10.46	-38.38	11.74	-305.9	12.14	-3662
1.690	0.787	5.85	-71.26	5.475	-2.785	6.382	-301.2	4.439	-4022
1.770	0.787	6.827	-67.42	6.861	-8.509	7.954	-175.2	7.575	-4669
1.850	0.787	9.966	-34.36	10.35	-8.723	10.9	-133.5	10.79	-3960
1.930	0.787	11.31	-88.67	11.1	-30.75	10.21	-140.1	10.36	-4352
2.010	0.787	4.633	-69.75	4.325	-27.14	4.567	-120.8	4.197	-3580
2.090	0.787	4.98	-75.58	4.895	-7.749	4.415	-146.3	10.03	-3037
2.170	0.787	3.282	-52.95	3.273	-21.63	3.066	-40.63	8.141	-2961
2.250	0.787	2.858	-25.46	2.958	-68.5	2.404	-48.32	4.295	-1205
2.340	0.787	3.68	32.69	3.545	-196.3	2.453	-57.1	1.042	2365
2.425	0.787	3.321	5.735	3.434	-133.1	2.688	-64.25	3.213	1225
2.480	0.787	3.36	-6.549	3.552	-112.1	2.921	-69.63	5.491	766.9
